New log file opened at Tue Apr 21 12:43:18 CEST 2015 by 5136@Sabina
Sending msg to client activator-8328cc6d-2bea-405c-978c-c61d8b586baf: DetachedLogEvent(LogMessage(debug,sbt server socket logs are in: C:\Users\Sabina\Documents\GitHub\DreamSpace\.sbtserver\connections\master.log))
Sending msg to client activator-8328cc6d-2bea-405c-978c-c61d8b586baf: DetachedLogEvent(LogMessage(debug,sbt client logs are in: C:\Users\Sabina\Documents\GitHub\DreamSpace\.sbtserver\connections\activator-8328cc6d-2bea-405c-978c-c61d8b586baf.log))
Reading next message from client.
Sending msg to client activator-8328cc6d-2bea-405c-978c-c61d8b586baf: DetachedLogEvent(LogMessage(debug,sbt general server logs are in: C:\Users\Sabina\Documents\GitHub\DreamSpace\.sbtserver\master.log))
Got request: ListenToEvents()
Reading next message from client.
Got request: ListenToBuildChange()
Reading next message from client.
Got request: SendSyntheticBuildChanged()
Reading next message from client.
Sending msg to client activator-8328cc6d-2bea-405c-978c-c61d8b586baf: (3,ReceivedResponse())
Got request: KeyLookupRequest(discoveredMainClasses)
Reading next message from client.
Got request: KeyLookupRequest(mainClass)
Reading next message from client.
Got request: KeyLookupRequest(echo:echoTraceSupported)
Reading next message from client.
Got request: KeyLookupRequest(echo:echoPlayVersionReport)
Reading next message from client.
Got request: KeyLookupRequest(echo:echoAkkaVersionReport)
Reading next message from client.
Got request: KeyLookupRequest(echo:echoTracePlayVersion)
Reading next message from client.
Sending msg to client activator-8328cc6d-2bea-405c-978c-c61d8b586baf: DetachedLogEvent(LogMessage(debug,[Loading] Found non-root projects ))
Sending msg to client activator-8328cc6d-2bea-405c-978c-c61d8b586baf: DetachedLogEvent(LogMessage(debug,[Loading] Done in C:\Users\Sabina\Documents\GitHub\DreamSpace\project, returning: ()))
Sending msg to client activator-8328cc6d-2bea-405c-978c-c61d8b586baf: DetachedLogEvent(LogMessage(debug,deducing auto plugins based on known facts Set(Atom(sbt.plugins.CorePlugin)) and clauses Clauses(List(Clause(Atom(sbt.plugins.JvmPlugin),Set(Atom(sbt.plugins.IvyPlugin))), Clause(Atom(sbt.plugins.JUnitXmlReportPlugin),Set(Atom(sbt.plugins.JvmPlugin))), Clause(Atom(sbt.plugins.CorePlugin),Set(Atom(sbt.plugins.IvyPlugin))), Clause(Atom(sbt.plugins.IvyPlugin),Set(Atom(sbt.plugins.JvmPlugin))), Clause(Atom(sbt.plugins.JvmPlugin),Set(Atom(sbt.plugins.JUnitXmlReportPlugin)))))))
Sending msg to client activator-8328cc6d-2bea-405c-978c-c61d8b586baf: DetachedLogEvent(LogMessage(debug,  :: deduced result: Matched(sbt.plugins.CorePlugin,sbt.plugins.IvyPlugin,sbt.plugins.JvmPlugin,sbt.plugins.JUnitXmlReportPlugin)))
Sending msg to client activator-8328cc6d-2bea-405c-978c-c61d8b586baf: DetachedLogEvent(LogMessage(debug,sorting: ns: List(sbt.plugins.CorePlugin, sbt.plugins.IvyPlugin, sbt.plugins.JvmPlugin, sbt.plugins.JUnitXmlReportPlugin)))
Sending msg to client activator-8328cc6d-2bea-405c-978c-c61d8b586baf: DetachedLogEvent(LogMessage(debug,  :: sorting:: found: List(sbt.plugins.CorePlugin) not found List(sbt.plugins.IvyPlugin, sbt.plugins.JvmPlugin, sbt.plugins.JUnitXmlReportPlugin)))
Sending msg to client activator-8328cc6d-2bea-405c-978c-c61d8b586baf: DetachedLogEvent(LogMessage(debug,  :: sorting:: found: List(sbt.plugins.CorePlugin, sbt.plugins.IvyPlugin) not found List(sbt.plugins.JvmPlugin, sbt.plugins.JUnitXmlReportPlugin)))
Sending msg to client activator-8328cc6d-2bea-405c-978c-c61d8b586baf: DetachedLogEvent(LogMessage(debug,  :: sorting:: found: List(sbt.plugins.CorePlugin, sbt.plugins.IvyPlugin, sbt.plugins.JvmPlugin) not found List(sbt.plugins.JUnitXmlReportPlugin)))
Sending msg to client activator-8328cc6d-2bea-405c-978c-c61d8b586baf: DetachedLogEvent(LogMessage(debug,  :: sorting:: found: List(sbt.plugins.CorePlugin, sbt.plugins.IvyPlugin, sbt.plugins.JvmPlugin, sbt.plugins.JUnitXmlReportPlugin) not found List()))
Sending msg to client activator-8328cc6d-2bea-405c-978c-c61d8b586baf: DetachedLogEvent(LogMessage(debug,  :: sorted deduced result: List(sbt.plugins.CorePlugin, sbt.plugins.IvyPlugin, sbt.plugins.JvmPlugin, sbt.plugins.JUnitXmlReportPlugin)))
Sending msg to client activator-8328cc6d-2bea-405c-978c-c61d8b586baf: DetachedLogEvent(LogMessage(debug,[Loading] Done in C:\Users\Sabina\Documents\GitHub\DreamSpace\project, returning: (dreamspace-build)))
Sending msg to client activator-8328cc6d-2bea-405c-978c-c61d8b586baf: DetachedLogEvent(LogMessage(info,Loading project definition from C:\Users\Sabina\Documents\GitHub\DreamSpace\project))
Sending msg to client activator-8328cc6d-2bea-405c-978c-c61d8b586baf: DetachedLogEvent(LogMessage(debug,Running task... Cancel: sbt.TaskCancellationStrategy$Null$@3d969f03, check cycles: false))
Sending msg to client activator-8328cc6d-2bea-405c-978c-c61d8b586baf: DetachedLogEvent(LogMessage(debug,
Initial source changes: 
	removed:Set()
	added: Set()
	modified: Set()
Removed products: Set()
External API changes: API Changes: Set()
Modified binary dependencies: Set()
Initial directly invalidated sources: Set()

Sources indirectly invalidated by:
	product: Set()
	binary dep: Set()
	external source: Set()))
Sending msg to client activator-8328cc6d-2bea-405c-978c-c61d8b586baf: DetachedLogEvent(LogMessage(debug,All initially invalidated sources: Set()
))
Sending msg to client activator-8328cc6d-2bea-405c-978c-c61d8b586baf: DetachedLogEvent(LogMessage(debug,Copy resource mappings: 
	))
Sending msg to client activator-8328cc6d-2bea-405c-978c-c61d8b586baf: DetachedLogEvent(LogMessage(debug,[Loading] Scanning directory C:\Users\Sabina\Documents\GitHub\DreamSpace))
Sending msg to client activator-8328cc6d-2bea-405c-978c-c61d8b586baf: DetachedLogEvent(LogMessage(debug,[Loading] Found root project root w/ remaining ))
Sending msg to client activator-8328cc6d-2bea-405c-978c-c61d8b586baf: DetachedLogEvent(LogMessage(debug,deducing auto plugins based on known facts Set(Atom(play.PlayJava), Atom(sbt.plugins.CorePlugin)) and clauses Clauses(List(Clause(Atom(sbt.plugins.JvmPlugin),Set(Atom(sbt.plugins.IvyPlugin))), Clause(Atom(sbt.plugins.JUnitXmlReportPlugin),Set(Atom(sbt.plugins.JvmPlugin))), Clause(Atom(play.sbt.forkrun.PlayForkRun),Set(Atom(sbt.plugins.BackgroundRunPlugin))), Clause(Atom(play.sbt.forkrun.PlayForkRun),Set(Atom(play.Play))), Clause(Atom(play.sbt.forkrun.PlayForkRun),Set(Atom(sbt.plugins.SerializersPlugin))), Clause(Atom(play.Play),Set(Atom(com.typesafe.sbt.webdriver.SbtWebDriver))), Clause(Atom(play.Play),Set(Atom(play.twirl.sbt.SbtTwirl))), Clause(Atom(play.Play),Set(Atom(com.typesafe.sbt.jse.SbtJsTask))), Clause(Atom(play.PlayJava),Set(Atom(play.Play))), Clause(Atom(play.PlayScala),Set(Atom(play.Play))), Clause(Atom(play.twirl.sbt.SbtTwirl),Set(Atom(sbt.plugins.JvmPlugin))), Clause(Atom(com.typesafe.sbt.packager.archetypes.AkkaAppPackaging),Set(Atom(com.typesafe.sbt.packager.archetypes.JavaAppPackaging))), Clause(Atom(com.typesafe.sbt.packager.archetypes.JavaAppPackaging),Set(Atom(com.typesafe.sbt.packager.windows.WindowsPlugin))), Clause(Atom(com.typesafe.sbt.packager.archetypes.JavaAppPackaging),Set(Atom(com.typesafe.sbt.packager.docker.DockerPlugin))), Clause(Atom(com.typesafe.sbt.packager.archetypes.JavaAppPackaging),Set(Atom(com.typesafe.sbt.packager.debian.DebianPlugin))), Clause(Atom(com.typesafe.sbt.packager.archetypes.JavaAppPackaging),Set(Atom(com.typesafe.sbt.packager.rpm.RpmPlugin))), Clause(Atom(com.typesafe.sbt.packager.archetypes.JavaServerAppPackaging),Set(Atom(com.typesafe.sbt.packager.archetypes.JavaAppPackaging))), Clause(Atom(com.typesafe.sbt.packager.archetypes.jar.ClasspathJarPlugin),Set(Atom(com.typesafe.sbt.packager.archetypes.JavaAppPackaging))), Clause(Atom(com.typesafe.sbt.packager.debian.DebianDeployPlugin),Set(Atom(com.typesafe.sbt.packager.debian.DebianPlugin))), Clause(Atom(com.typesafe.sbt.packager.debian.DebianPlugin),Set(Atom(com.typesafe.sbt.packager.linux.LinuxPlugin))), Clause(Atom(com.typesafe.sbt.packager.debian.JDebPackaging),Set(Atom(com.typesafe.sbt.packager.debian.DebianPlugin))), Clause(Atom(com.typesafe.sbt.packager.docker.DockerPlugin),Set(Atom(com.typesafe.sbt.packager.universal.UniversalPlugin))), Clause(Atom(com.typesafe.sbt.packager.jdkpackager.JDKPackagerDeployPlugin),Set(Atom(com.typesafe.sbt.packager.jdkpackager.JDKPackagerPlugin))), Clause(Atom(com.typesafe.sbt.packager.jdkpackager.JDKPackagerPlugin),Set(Atom(com.typesafe.sbt.packager.archetypes.JavaAppPackaging))), Clause(Atom(com.typesafe.sbt.packager.jdkpackager.JDKPackagerPlugin),Set(Atom(com.typesafe.sbt.packager.archetypes.jar.ClasspathJarPlugin))), Clause(Atom(com.typesafe.sbt.packager.linux.LinuxPlugin),Set(Atom(com.typesafe.sbt.packager.universal.UniversalPlugin))), Clause(Atom(com.typesafe.sbt.packager.rpm.RpmDeployPlugin),Set(Atom(com.typesafe.sbt.packager.rpm.RpmPlugin))), Clause(Atom(com.typesafe.sbt.packager.rpm.RpmPlugin),Set(Atom(com.typesafe.sbt.packager.linux.LinuxPlugin))), Clause(Atom(com.typesafe.sbt.packager.universal.UniversalDeployPlugin),Set(Atom(com.typesafe.sbt.packager.universal.UniversalPlugin))), Clause(Atom(com.typesafe.sbt.packager.universal.UniversalPlugin),Set(Atom(com.typesafe.sbt.SbtNativePackager))), Clause(Atom(com.typesafe.sbt.packager.windows.WindowsDeployPlugin),Set(Atom(com.typesafe.sbt.packager.windows.WindowsPlugin))), Clause(Atom(com.typesafe.sbt.packager.windows.WindowsPlugin),Set(Atom(com.typesafe.sbt.packager.universal.UniversalPlugin))), Clause(Atom(com.typesafe.sbt.jse.SbtJsEngine),Set(Atom(com.typesafe.sbt.web.SbtWeb))), Clause(Atom(com.typesafe.sbt.jse.SbtJsTask),Set(Atom(com.typesafe.sbt.jse.SbtJsEngine))), Clause(Atom(com.typesafe.sbt.webdriver.SbtWebDriver),Set(Atom(com.typesafe.sbt.web.SbtWeb))), Clause(Atom(sbt.plugins.BackgroundRunPlugin),Set(Atom(sbt.plugins.JvmPlugin))), Clause(Atom(com.heroku.sbt.HerokuPlugin),Set(Atom(sbt.plugins.JvmPlugin))), Clause(Atom(com.typesafe.sbt.coffeescript.SbtCoffeeScript),Set(Atom(com.typesafe.sbt.jse.SbtJsTask))), Clause(Atom(com.typesafe.sbt.less.SbtLess),Set(Atom(com.typesafe.sbt.jse.SbtJsTask))), Clause(Atom(com.typesafe.sbt.jshint.SbtJSHint),Set(Atom(com.typesafe.sbt.jse.SbtJsTask))), Clause(Atom(com.typesafe.sbt.rjs.SbtRjs),Set(Atom(com.typesafe.sbt.jse.SbtJsTask))), Clause(Atom(com.typesafe.sbt.digest.SbtDigest),Set(Atom(com.typesafe.sbt.web.SbtWeb))), Clause(Atom(com.typesafe.sbt.mocha.SbtMocha),Set(Atom(com.typesafe.sbt.jse.SbtJsTask))), Clause(Atom(sbt.plugins.CorePlugin),Set(Atom(sbt.plugins.IvyPlugin))), Clause(Atom(sbt.plugins.IvyPlugin),Set(Atom(sbt.plugins.JvmPlugin))), Clause(Atom(sbt.plugins.JvmPlugin),Set(Atom(sbt.plugins.JUnitXmlReportPlugin))), Clause(And(Set(Atom(sbt.plugins.BackgroundRunPlugin), Atom(play.Play), Atom(sbt.plugins.SerializersPlugin))),Set(Atom(play.sbt.forkrun.PlayForkRun))), Clause(Atom(com.typesafe.sbt.web.SbtWeb),Set(Atom(com.typesafe.sbt.jse.SbtJsEngine))), Clause(Atom(com.typesafe.sbt.jse.SbtJsEngine),Set(Atom(com.typesafe.sbt.jse.SbtJsTask))), Clause(Atom(com.typesafe.sbt.web.SbtWeb),Set(Atom(com.typesafe.sbt.webdriver.SbtWebDriver))), Clause(Atom(sbt.plugins.JvmPlugin),Set(Atom(sbt.plugins.BackgroundRunPlugin))), Clause(Atom(sbt.plugins.CorePlugin),Set(Atom(sbt.plugins.InteractionServicePlugin))), Clause(Atom(sbt.plugins.CorePlugin),Set(Atom(sbt.plugins.SendEventServicePlugin))), Clause(Atom(sbt.plugins.CorePlugin),Set(Atom(sbt.plugins.SerializersPlugin))), Clause(Atom(sbt.plugins.JvmPlugin),Set(Atom(com.heroku.sbt.HerokuPlugin))), Clause(Atom(com.typesafe.sbt.jse.SbtJsTask),Set(Atom(com.typesafe.sbt.coffeescript.SbtCoffeeScript))), Clause(Atom(com.typesafe.sbt.jse.SbtJsTask),Set(Atom(com.typesafe.sbt.less.SbtLess))), Clause(Atom(com.typesafe.sbt.jse.SbtJsTask),Set(Atom(com.typesafe.sbt.jshint.SbtJSHint))), Clause(Atom(com.typesafe.sbt.jse.SbtJsTask),Set(Atom(com.typesafe.sbt.rjs.SbtRjs))), Clause(Atom(com.typesafe.sbt.web.SbtWeb),Set(Atom(com.typesafe.sbt.digest.SbtDigest))), Clause(Atom(com.typesafe.sbt.jse.SbtJsTask),Set(Atom(com.typesafe.sbt.mocha.SbtMocha)))))))
Sending msg to client activator-8328cc6d-2bea-405c-978c-c61d8b586baf: DetachedLogEvent(LogMessage(debug,  :: deduced result: Matched(sbt.plugins.CorePlugin,play.PlayJava,sbt.plugins.InteractionServicePlugin,sbt.plugins.SendEventServicePlugin,play.Play,sbt.plugins.SerializersPlugin,sbt.plugins.IvyPlugin,sbt.plugins.JvmPlugin,com.typesafe.sbt.jse.SbtJsTask,play.twirl.sbt.SbtTwirl,com.typesafe.sbt.webdriver.SbtWebDriver,com.typesafe.sbt.jshint.SbtJSHint,sbt.plugins.JUnitXmlReportPlugin,com.typesafe.sbt.mocha.SbtMocha,com.typesafe.sbt.less.SbtLess,com.typesafe.sbt.web.SbtWeb,com.typesafe.sbt.rjs.SbtRjs,com.typesafe.sbt.jse.SbtJsEngine,com.typesafe.sbt.coffeescript.SbtCoffeeScript,com.heroku.sbt.HerokuPlugin,sbt.plugins.BackgroundRunPlugin,com.typesafe.sbt.digest.SbtDigest,play.sbt.forkrun.PlayForkRun)))
Sending msg to client activator-8328cc6d-2bea-405c-978c-c61d8b586baf: DetachedLogEvent(LogMessage(debug,sorting: ns: List(sbt.plugins.CorePlugin, play.PlayJava, sbt.plugins.InteractionServicePlugin, sbt.plugins.SendEventServicePlugin, play.Play, sbt.plugins.SerializersPlugin, sbt.plugins.IvyPlugin, sbt.plugins.JvmPlugin, com.typesafe.sbt.jse.SbtJsTask, play.twirl.sbt.SbtTwirl, com.typesafe.sbt.webdriver.SbtWebDriver, com.typesafe.sbt.jshint.SbtJSHint, sbt.plugins.JUnitXmlReportPlugin, com.typesafe.sbt.mocha.SbtMocha, com.typesafe.sbt.less.SbtLess, com.typesafe.sbt.web.SbtWeb, com.typesafe.sbt.rjs.SbtRjs, com.typesafe.sbt.jse.SbtJsEngine, com.typesafe.sbt.coffeescript.SbtCoffeeScript, com.heroku.sbt.HerokuPlugin, sbt.plugins.BackgroundRunPlugin, com.typesafe.sbt.digest.SbtDigest, play.sbt.forkrun.PlayForkRun)))
Sending msg to client activator-8328cc6d-2bea-405c-978c-c61d8b586baf: DetachedLogEvent(LogMessage(debug,  :: sorting:: found: List(sbt.plugins.CorePlugin, com.typesafe.sbt.web.SbtWeb) not found List(play.PlayJava, sbt.plugins.InteractionServicePlugin, sbt.plugins.SendEventServicePlugin, play.Play, sbt.plugins.SerializersPlugin, sbt.plugins.IvyPlugin, sbt.plugins.JvmPlugin, com.typesafe.sbt.jse.SbtJsTask, play.twirl.sbt.SbtTwirl, com.typesafe.sbt.webdriver.SbtWebDriver, com.typesafe.sbt.jshint.SbtJSHint, sbt.plugins.JUnitXmlReportPlugin, com.typesafe.sbt.mocha.SbtMocha, com.typesafe.sbt.less.SbtLess, com.typesafe.sbt.rjs.SbtRjs, com.typesafe.sbt.jse.SbtJsEngine, com.typesafe.sbt.coffeescript.SbtCoffeeScript, com.heroku.sbt.HerokuPlugin, sbt.plugins.BackgroundRunPlugin, com.typesafe.sbt.digest.SbtDigest, play.sbt.forkrun.PlayForkRun)))
Sending msg to client activator-8328cc6d-2bea-405c-978c-c61d8b586baf: DetachedLogEvent(LogMessage(debug,  :: sorting:: found: List(sbt.plugins.CorePlugin, com.typesafe.sbt.web.SbtWeb, sbt.plugins.InteractionServicePlugin, sbt.plugins.SendEventServicePlugin, sbt.plugins.SerializersPlugin, sbt.plugins.IvyPlugin, com.typesafe.sbt.webdriver.SbtWebDriver, com.typesafe.sbt.jse.SbtJsEngine, com.typesafe.sbt.digest.SbtDigest) not found List(play.PlayJava, play.Play, sbt.plugins.JvmPlugin, com.typesafe.sbt.jse.SbtJsTask, play.twirl.sbt.SbtTwirl, com.typesafe.sbt.jshint.SbtJSHint, sbt.plugins.JUnitXmlReportPlugin, com.typesafe.sbt.mocha.SbtMocha, com.typesafe.sbt.less.SbtLess, com.typesafe.sbt.rjs.SbtRjs, com.typesafe.sbt.coffeescript.SbtCoffeeScript, com.heroku.sbt.HerokuPlugin, sbt.plugins.BackgroundRunPlugin, play.sbt.forkrun.PlayForkRun)))
Sending msg to client activator-8328cc6d-2bea-405c-978c-c61d8b586baf: DetachedLogEvent(LogMessage(debug,  :: sorting:: found: List(sbt.plugins.CorePlugin, com.typesafe.sbt.web.SbtWeb, sbt.plugins.InteractionServicePlugin, sbt.plugins.SendEventServicePlugin, sbt.plugins.SerializersPlugin, sbt.plugins.IvyPlugin, com.typesafe.sbt.webdriver.SbtWebDriver, com.typesafe.sbt.jse.SbtJsEngine, com.typesafe.sbt.digest.SbtDigest, sbt.plugins.JvmPlugin, com.typesafe.sbt.jse.SbtJsTask) not found List(play.PlayJava, play.Play, play.twirl.sbt.SbtTwirl, com.typesafe.sbt.jshint.SbtJSHint, sbt.plugins.JUnitXmlReportPlugin, com.typesafe.sbt.mocha.SbtMocha, com.typesafe.sbt.less.SbtLess, com.typesafe.sbt.rjs.SbtRjs, com.typesafe.sbt.coffeescript.SbtCoffeeScript, com.heroku.sbt.HerokuPlugin, sbt.plugins.BackgroundRunPlugin, play.sbt.forkrun.PlayForkRun)))
Sending msg to client activator-8328cc6d-2bea-405c-978c-c61d8b586baf: DetachedLogEvent(LogMessage(debug,  :: sorting:: found: List(sbt.plugins.CorePlugin, com.typesafe.sbt.web.SbtWeb, sbt.plugins.InteractionServicePlugin, sbt.plugins.SendEventServicePlugin, sbt.plugins.SerializersPlugin, sbt.plugins.IvyPlugin, com.typesafe.sbt.webdriver.SbtWebDriver, com.typesafe.sbt.jse.SbtJsEngine, com.typesafe.sbt.digest.SbtDigest, sbt.plugins.JvmPlugin, com.typesafe.sbt.jse.SbtJsTask, play.twirl.sbt.SbtTwirl, com.typesafe.sbt.jshint.SbtJSHint, sbt.plugins.JUnitXmlReportPlugin, com.typesafe.sbt.mocha.SbtMocha, com.typesafe.sbt.less.SbtLess, com.typesafe.sbt.rjs.SbtRjs, com.typesafe.sbt.coffeescript.SbtCoffeeScript, com.heroku.sbt.HerokuPlugin, sbt.plugins.BackgroundRunPlugin) not found List(play.PlayJava, play.Play, play.sbt.forkrun.PlayForkRun)))
Sending msg to client activator-8328cc6d-2bea-405c-978c-c61d8b586baf: DetachedLogEvent(LogMessage(debug,  :: sorting:: found: List(sbt.plugins.CorePlugin, com.typesafe.sbt.web.SbtWeb, sbt.plugins.InteractionServicePlugin, sbt.plugins.SendEventServicePlugin, sbt.plugins.SerializersPlugin, sbt.plugins.IvyPlugin, com.typesafe.sbt.webdriver.SbtWebDriver, com.typesafe.sbt.jse.SbtJsEngine, com.typesafe.sbt.digest.SbtDigest, sbt.plugins.JvmPlugin, com.typesafe.sbt.jse.SbtJsTask, play.twirl.sbt.SbtTwirl, com.typesafe.sbt.jshint.SbtJSHint, sbt.plugins.JUnitXmlReportPlugin, com.typesafe.sbt.mocha.SbtMocha, com.typesafe.sbt.less.SbtLess, com.typesafe.sbt.rjs.SbtRjs, com.typesafe.sbt.coffeescript.SbtCoffeeScript, com.heroku.sbt.HerokuPlugin, sbt.plugins.BackgroundRunPlugin, play.Play) not found List(play.PlayJava, play.sbt.forkrun.PlayForkRun)))
Sending msg to client activator-8328cc6d-2bea-405c-978c-c61d8b586baf: DetachedLogEvent(LogMessage(debug,  :: sorting:: found: List(sbt.plugins.CorePlugin, com.typesafe.sbt.web.SbtWeb, sbt.plugins.InteractionServicePlugin, sbt.plugins.SendEventServicePlugin, sbt.plugins.SerializersPlugin, sbt.plugins.IvyPlugin, com.typesafe.sbt.webdriver.SbtWebDriver, com.typesafe.sbt.jse.SbtJsEngine, com.typesafe.sbt.digest.SbtDigest, sbt.plugins.JvmPlugin, com.typesafe.sbt.jse.SbtJsTask, play.twirl.sbt.SbtTwirl, com.typesafe.sbt.jshint.SbtJSHint, sbt.plugins.JUnitXmlReportPlugin, com.typesafe.sbt.mocha.SbtMocha, com.typesafe.sbt.less.SbtLess, com.typesafe.sbt.rjs.SbtRjs, com.typesafe.sbt.coffeescript.SbtCoffeeScript, com.heroku.sbt.HerokuPlugin, sbt.plugins.BackgroundRunPlugin, play.Play, play.PlayJava, play.sbt.forkrun.PlayForkRun) not found List()))
Sending msg to client activator-8328cc6d-2bea-405c-978c-c61d8b586baf: DetachedLogEvent(LogMessage(debug,  :: sorted deduced result: List(sbt.plugins.CorePlugin, com.typesafe.sbt.web.SbtWeb, sbt.plugins.InteractionServicePlugin, sbt.plugins.SendEventServicePlugin, sbt.plugins.SerializersPlugin, sbt.plugins.IvyPlugin, com.typesafe.sbt.webdriver.SbtWebDriver, com.typesafe.sbt.jse.SbtJsEngine, com.typesafe.sbt.digest.SbtDigest, sbt.plugins.JvmPlugin, com.typesafe.sbt.jse.SbtJsTask, play.twirl.sbt.SbtTwirl, com.typesafe.sbt.jshint.SbtJSHint, sbt.plugins.JUnitXmlReportPlugin, com.typesafe.sbt.mocha.SbtMocha, com.typesafe.sbt.less.SbtLess, com.typesafe.sbt.rjs.SbtRjs, com.typesafe.sbt.coffeescript.SbtCoffeeScript, com.heroku.sbt.HerokuPlugin, sbt.plugins.BackgroundRunPlugin, play.Play, play.PlayJava, play.sbt.forkrun.PlayForkRun)))
Sending msg to client activator-8328cc6d-2bea-405c-978c-c61d8b586baf: DetachedLogEvent(LogMessage(debug,[Loading] Done in C:\Users\Sabina\Documents\GitHub\DreamSpace, returning: (root)))
Sending msg to client activator-8328cc6d-2bea-405c-978c-c61d8b586baf: DetachedLogEvent(LogMessage(info,Set current project to DreamSpace (in build file:/C:/Users/Sabina/Documents/GitHub/DreamSpace/)))
Sending msg to client activator-8328cc6d-2bea-405c-978c-c61d8b586baf: DetachedLogEvent(LogMessage(info,Reapplying settings...))
Sending msg to client activator-8328cc6d-2bea-405c-978c-c61d8b586baf: DetachedLogEvent(LogMessage(info,Set current project to DreamSpace (in build file:/C:/Users/Sabina/Documents/GitHub/DreamSpace/)))
Sending msg to client activator-8328cc6d-2bea-405c-978c-c61d8b586baf: DetachedLogEvent(LogMessage(debug,> iflast shell))
Sending msg to client activator-8328cc6d-2bea-405c-978c-c61d8b586baf: DetachedLogEvent(LogMessage(debug,> server-send-ready-for-request))
Sending msg to client activator-8328cc6d-2bea-405c-978c-c61d8b586baf: BuildLoaded()
Sending msg to client activator-8328cc6d-2bea-405c-978c-c61d8b586baf: DetachedLogEvent(LogMessage(debug,> server-handle-next-server-request))
Sending msg to client activator-8328cc6d-2bea-405c-978c-c61d8b586baf: ExecutionWaiting(1,compile,ClientInfo(e619637f-9001-489e-839f-37b834bb00d7,activator,Activator,1,Vector()))
Sending msg to client activator-8328cc6d-2bea-405c-978c-c61d8b586baf: ExecutionStarting(1)
Sending msg to client activator-8328cc6d-2bea-405c-978c-c61d8b586baf: DetachedLogEvent(LogMessage(debug,> compile))
Sending msg to client activator-8328cc6d-2bea-405c-978c-c61d8b586baf: DetachedLogEvent(LogMessage(debug,Evaluating tasks: compile:compile))
Sending msg to client activator-8328cc6d-2bea-405c-978c-c61d8b586baf: (4,ReceivedResponse())
Sending msg to client activator-8328cc6d-2bea-405c-978c-c61d8b586baf: BuildStructureChanged(MinimalBuildStructure(Vector(file:/C:/Users/Sabina/Documents/GitHub/DreamSpace/),Vector(MinimalProjectStructure(ProjectReference(file:/C:/Users/Sabina/Documents/GitHub/DreamSpace/,root),Vector(sbt.plugins.CorePlugin, com.typesafe.sbt.web.SbtWeb, sbt.plugins.InteractionServicePlugin, sbt.plugins.SendEventServicePlugin, sbt.plugins.SerializersPlugin, sbt.plugins.IvyPlugin, com.typesafe.sbt.webdriver.SbtWebDriver, com.typesafe.sbt.jse.SbtJsEngine, com.typesafe.sbt.digest.SbtDigest, sbt.plugins.JvmPlugin, com.typesafe.sbt.jse.SbtJsTask, play.twirl.sbt.SbtTwirl, com.typesafe.sbt.jshint.SbtJSHint, sbt.plugins.JUnitXmlReportPlugin, com.typesafe.sbt.mocha.SbtMocha, com.typesafe.sbt.less.SbtLess, com.typesafe.sbt.rjs.SbtRjs, com.typesafe.sbt.coffeescript.SbtCoffeeScript, com.heroku.sbt.HerokuPlugin, sbt.plugins.BackgroundRunPlugin, play.Play, play.PlayJava, play.sbt.forkrun.PlayForkRun)))))
Sending msg to client activator-8328cc6d-2bea-405c-978c-c61d8b586baf: DetachedLogEvent(LogMessage(debug,Running task... Cancel: sbt.server.ServerTaskCancellation@52f20145, check cycles: false))
Sending msg to client activator-8328cc6d-2bea-405c-978c-c61d8b586baf: DetachedLogEvent(LogMessage(debug,cancel strategy start enabled=true lastCommand=Some(LastCommand(CommandExecutionWork(ExecutionId(1),compile,Set(LiveClient(activator e619637f-9001-489e-839f-37b834bb00d7)),sbt.server.WorkCancellationStatus$$anon$1@3b5a26b5)))))
Sending msg to client activator-8328cc6d-2bea-405c-978c-c61d8b586baf: (6,KeyLookupResponse(discoveredMainClasses,Vector(AttributeKey[scala.collection.Seq[java.lang.String]]("discoveredMainClasses") in Scope(Build: file:/C:/Users/Sabina/Documents/GitHub/DreamSpace/, , Project: ProjectReference(file:/C:/Users/Sabina/Documents/GitHub/DreamSpace/,root), Config: compile))))
Sending msg to client activator-8328cc6d-2bea-405c-978c-c61d8b586baf: TaskStarted(1,7,Some(AttributeKey[sbt.inc.IncOptions]("incOptions") in Scope(Global)))
Got request: KeyLookupRequest(echo:echoAkkaVersionReport)
Reading next message from client.
Got request: KeyLookupRequest(discoveredMainClasses)
Reading next message from client.
Got request: KeyLookupRequest(echo:echoTracePlayVersion)
Reading next message from client.
Got request: KeyLookupRequest(mainClass)
Reading next message from client.
Got request: KeyLookupRequest(echo:echoTraceSupported)
Reading next message from client.
Got request: KeyLookupRequest(echo:echoPlayVersionReport)
Reading next message from client.
Sending msg to client activator-8328cc6d-2bea-405c-978c-c61d8b586baf: TaskStarted(1,8,Some(AttributeKey[scala.Function1[java.io.File,scala.Function1[java.lang.String,boolean]]]("definesClass") in Scope(Global)))
Sending msg to client activator-8328cc6d-2bea-405c-978c-c61d8b586baf: TaskStarted(1,16,None)
Sending msg to client activator-8328cc6d-2bea-405c-978c-c61d8b586baf: TaskStarted(1,19,None)
Sending msg to client activator-8328cc6d-2bea-405c-978c-c61d8b586baf: TaskStarted(1,22,None)
Sending msg to client activator-8328cc6d-2bea-405c-978c-c61d8b586baf: TaskStarted(1,25,None)
Sending msg to client activator-8328cc6d-2bea-405c-978c-c61d8b586baf: TaskStarted(1,26,Some(AttributeKey[java.lang.String]("updateCacheName") in Scope(Build: file:/C:/Users/Sabina/Documents/GitHub/DreamSpace/, , Project: ProjectReference(file:/C:/Users/Sabina/Documents/GitHub/DreamSpace/,root))))
Sending msg to client activator-8328cc6d-2bea-405c-978c-c61d8b586baf: TaskStarted(1,28,None)
Sending msg to client activator-8328cc6d-2bea-405c-978c-c61d8b586baf: TaskStarted(1,29,None)
Sending msg to client activator-8328cc6d-2bea-405c-978c-c61d8b586baf: TaskStarted(1,36,Some(AttributeKey[scala.Option[java.lang.String]]("echoTraceAkkaVersion") in Scope(Build: file:/C:/Users/Sabina/Documents/GitHub/DreamSpace/, , Project: ProjectReference(file:/C:/Users/Sabina/Documents/GitHub/DreamSpace/,root), Config: echo)))
Sending msg to client activator-8328cc6d-2bea-405c-978c-c61d8b586baf: TaskStarted(1,38,Some(AttributeKey[scala.collection.Seq[sbt.Credentials]]("credentials") in Scope(Global)))
Sending msg to client activator-8328cc6d-2bea-405c-978c-c61d8b586baf: TaskStarted(1,45,Some(AttributeKey[scala.collection.Seq[sbt.Resolver]]("externalResolvers") in Scope(Build: file:/C:/Users/Sabina/Documents/GitHub/DreamSpace/, , Project: ProjectReference(file:/C:/Users/Sabina/Documents/GitHub/DreamSpace/,root))))
Sending msg to client activator-8328cc6d-2bea-405c-978c-c61d8b586baf: TaskStarted(1,46,Some(AttributeKey[scala.Option[scala.collection.Seq[sbt.Resolver]]]("bootResolvers") in Scope(Build: file:/C:/Users/Sabina/Documents/GitHub/DreamSpace/, , Project: ProjectReference(file:/C:/Users/Sabina/Documents/GitHub/DreamSpace/,root))))
Sending msg to client activator-8328cc6d-2bea-405c-978c-c61d8b586baf: TaskStarted(1,52,Some(AttributeKey[boolean]("skip") in Scope(Global)))
Sending msg to client activator-8328cc6d-2bea-405c-978c-c61d8b586baf: TaskStarted(1,53,None)
Sending msg to client activator-8328cc6d-2bea-405c-978c-c61d8b586baf: TaskStarted(1,65,Some(AttributeKey[java.lang.String]("compileAnalysisFilename") in Scope(Build: file:/C:/Users/Sabina/Documents/GitHub/DreamSpace/, , Project: ProjectReference(file:/C:/Users/Sabina/Documents/GitHub/DreamSpace/,root), Config: compile)))
Sending msg to client activator-8328cc6d-2bea-405c-978c-c61d8b586baf: TaskStarted(1,71,Some(AttributeKey[sbt.SendEventService]("sendEventService") in Scope(Global)))
Sending msg to client activator-8328cc6d-2bea-405c-978c-c61d8b586baf: TaskStarted(1,75,None)
Sending msg to client activator-8328cc6d-2bea-405c-978c-c61d8b586baf: TaskStarted(1,79,Some(AttributeKey[scala.collection.Seq[java.io.File]]("unmanagedSources") in Scope(Build: file:/C:/Users/Sabina/Documents/GitHub/DreamSpace/, , Project: ProjectReference(file:/C:/Users/Sabina/Documents/GitHub/DreamSpace/,root), Config: compile)))
Sending msg to client activator-8328cc6d-2bea-405c-978c-c61d8b586baf: TaskStarted(1,88,Some(AttributeKey[scala.collection.Seq[java.lang.String]]("scalacOptions") in Scope(Global)))
Sending msg to client activator-8328cc6d-2bea-405c-978c-c61d8b586baf: TaskStarted(1,89,None)
Sending msg to client activator-8328cc6d-2bea-405c-978c-c61d8b586baf: TaskStarted(1,91,None)
Sending msg to client activator-8328cc6d-2bea-405c-978c-c61d8b586baf: TaskStarted(1,92,Some(AttributeKey[scala.collection.Seq[java.lang.String]]("javacOptions") in Scope(Global)))
Sending msg to client activator-8328cc6d-2bea-405c-978c-c61d8b586baf: TaskStarted(1,96,Some(AttributeKey[scala.collection.Seq[scala.Function1[xsbti.Position,scala.Option[xsbti.Position]]]]("sourcePositionMappers") in Scope(Global)))
Sending msg to client activator-8328cc6d-2bea-405c-978c-c61d8b586baf: TaskStarted(1,98,None)
Got request: ListenToValue(AttributeKey[scala.collection.Seq[java.lang.String]]("discoveredMainClasses") in Scope(Build: file:/C:/Users/Sabina/Documents/GitHub/DreamSpace/, , Project: ProjectReference(file:/C:/Users/Sabina/Documents/GitHub/DreamSpace/,root), Config: compile))
Reading next message from client.
Sending msg to client activator-8328cc6d-2bea-405c-978c-c61d8b586baf: TaskFinished(1,16,None,true,None)
Got request: SendSyntheticValueChanged(AttributeKey[scala.collection.Seq[java.lang.String]]("discoveredMainClasses") in Scope(Build: file:/C:/Users/Sabina/Documents/GitHub/DreamSpace/, , Project: ProjectReference(file:/C:/Users/Sabina/Documents/GitHub/DreamSpace/,root), Config: compile))
Reading next message from client.
Sending msg to client activator-8328cc6d-2bea-405c-978c-c61d8b586baf: TaskFinished(1,19,None,true,None)
Sending msg to client activator-8328cc6d-2bea-405c-978c-c61d8b586baf: TaskStarted(1,18,None)
Sending msg to client activator-8328cc6d-2bea-405c-978c-c61d8b586baf: TaskStarted(1,39,None)
Sending msg to client activator-8328cc6d-2bea-405c-978c-c61d8b586baf: TaskStarted(1,44,None)
Sending msg to client activator-8328cc6d-2bea-405c-978c-c61d8b586baf: TaskStarted(1,47,None)
Sending msg to client activator-8328cc6d-2bea-405c-978c-c61d8b586baf: TaskStarted(1,50,None)
Sending msg to client activator-8328cc6d-2bea-405c-978c-c61d8b586baf: TaskStarted(1,54,None)
Sending msg to client activator-8328cc6d-2bea-405c-978c-c61d8b586baf: TaskStarted(1,56,None)
Sending msg to client activator-8328cc6d-2bea-405c-978c-c61d8b586baf: TaskStarted(1,58,None)
Sending msg to client activator-8328cc6d-2bea-405c-978c-c61d8b586baf: TaskStarted(1,60,None)
Sending msg to client activator-8328cc6d-2bea-405c-978c-c61d8b586baf: TaskStarted(1,62,None)
Sending msg to client activator-8328cc6d-2bea-405c-978c-c61d8b586baf: TaskStarted(1,64,None)
Sending msg to client activator-8328cc6d-2bea-405c-978c-c61d8b586baf: TaskStarted(1,68,None)
Sending msg to client activator-8328cc6d-2bea-405c-978c-c61d8b586baf: TaskStarted(1,76,None)
Sending msg to client activator-8328cc6d-2bea-405c-978c-c61d8b586baf: TaskStarted(1,85,None)
Sending msg to client activator-8328cc6d-2bea-405c-978c-c61d8b586baf: TaskStarted(1,93,None)
Sending msg to client activator-8328cc6d-2bea-405c-978c-c61d8b586baf: TaskStarted(1,101,None)
Sending msg to client activator-8328cc6d-2bea-405c-978c-c61d8b586baf: TaskFinished(1,7,Some(AttributeKey[sbt.inc.IncOptions]("incOptions") in Scope(Global)),true,None)
Sending msg to client activator-8328cc6d-2bea-405c-978c-c61d8b586baf: TaskStarted(1,6,Some(AttributeKey[sbt.inc.IncOptions]("incOptions") in Scope(Build: file:/C:/Users/Sabina/Documents/GitHub/DreamSpace/, , Project: ProjectReference(file:/C:/Users/Sabina/Documents/GitHub/DreamSpace/,root))))
Sending msg to client activator-8328cc6d-2bea-405c-978c-c61d8b586baf: TaskFinished(1,25,None,true,None)
Sending msg to client activator-8328cc6d-2bea-405c-978c-c61d8b586baf: TaskStarted(1,24,Some(AttributeKey[sbt.BuildStructure]("buildStructure") in Scope(Global)))
Sending msg to client activator-8328cc6d-2bea-405c-978c-c61d8b586baf: TaskStarted(1,51,Some(AttributeKey[java.io.File]("dependencyCacheDirectory") in Scope(Build: file:/C:/Users/Sabina/Documents/GitHub/DreamSpace/, , Project: ProjectReference(file:/C:/Users/Sabina/Documents/GitHub/DreamSpace/,root))))
Sending msg to client activator-8328cc6d-2bea-405c-978c-c61d8b586baf: TaskStarted(1,63,Some(AttributeKey[xsbti.compile.GlobalsCache]("compilerCache") in Scope(Global)))
Sending msg to client activator-8328cc6d-2bea-405c-978c-c61d8b586baf: TaskStarted(1,82,None)
Sending msg to client activator-8328cc6d-2bea-405c-978c-c61d8b586baf: TaskFinished(1,8,Some(AttributeKey[scala.Function1[java.io.File,scala.Function1[java.lang.String,boolean]]]("definesClass") in Scope(Global)),true,None)
Sending msg to client activator-8328cc6d-2bea-405c-978c-c61d8b586baf: TaskFinished(1,26,Some(AttributeKey[java.lang.String]("updateCacheName") in Scope(Build: file:/C:/Users/Sabina/Documents/GitHub/DreamSpace/, , Project: ProjectReference(file:/C:/Users/Sabina/Documents/GitHub/DreamSpace/,root))),true,None)
Sending msg to client activator-8328cc6d-2bea-405c-978c-c61d8b586baf: TaskFinished(1,28,None,true,None)
Sending msg to client activator-8328cc6d-2bea-405c-978c-c61d8b586baf: TaskFinished(1,29,None,true,None)
Sending msg to client activator-8328cc6d-2bea-405c-978c-c61d8b586baf: TaskStarted(1,27,Some(AttributeKey[scala.collection.Seq[sbt.UpdateReport]]("transitiveUpdate") in Scope(Build: file:/C:/Users/Sabina/Documents/GitHub/DreamSpace/, , Project: ProjectReference(file:/C:/Users/Sabina/Documents/GitHub/DreamSpace/,root))))
Sending msg to client activator-8328cc6d-2bea-405c-978c-c61d8b586baf: TaskFinished(1,38,Some(AttributeKey[scala.collection.Seq[sbt.Credentials]]("credentials") in Scope(Global)),true,None)
Sending msg to client activator-8328cc6d-2bea-405c-978c-c61d8b586baf: TaskFinished(1,36,Some(AttributeKey[scala.Option[java.lang.String]]("echoTraceAkkaVersion") in Scope(Build: file:/C:/Users/Sabina/Documents/GitHub/DreamSpace/, , Project: ProjectReference(file:/C:/Users/Sabina/Documents/GitHub/DreamSpace/,root), Config: echo)),true,None)
Sending msg to client activator-8328cc6d-2bea-405c-978c-c61d8b586baf: TaskStarted(1,35,Some(AttributeKey[scala.collection.Seq[sbt.ModuleID]]("echoTraceDependencies") in Scope(Build: file:/C:/Users/Sabina/Documents/GitHub/DreamSpace/, , Project: ProjectReference(file:/C:/Users/Sabina/Documents/GitHub/DreamSpace/,root), Config: echo)))
Sending msg to client activator-8328cc6d-2bea-405c-978c-c61d8b586baf: TaskFinished(1,45,Some(AttributeKey[scala.collection.Seq[sbt.Resolver]]("externalResolvers") in Scope(Build: file:/C:/Users/Sabina/Documents/GitHub/DreamSpace/, , Project: ProjectReference(file:/C:/Users/Sabina/Documents/GitHub/DreamSpace/,root))),true,None)
Sending msg to client activator-8328cc6d-2bea-405c-978c-c61d8b586baf: TaskFinished(1,46,Some(AttributeKey[scala.Option[scala.collection.Seq[sbt.Resolver]]]("bootResolvers") in Scope(Build: file:/C:/Users/Sabina/Documents/GitHub/DreamSpace/, , Project: ProjectReference(file:/C:/Users/Sabina/Documents/GitHub/DreamSpace/,root))),true,None)
Sending msg to client activator-8328cc6d-2bea-405c-978c-c61d8b586baf: TaskFinished(1,52,Some(AttributeKey[boolean]("skip") in Scope(Global)),true,None)
Sending msg to client activator-8328cc6d-2bea-405c-978c-c61d8b586baf: TaskFinished(1,53,None,true,None)
Sending msg to client activator-8328cc6d-2bea-405c-978c-c61d8b586baf: TaskFinished(1,65,Some(AttributeKey[java.lang.String]("compileAnalysisFilename") in Scope(Build: file:/C:/Users/Sabina/Documents/GitHub/DreamSpace/, , Project: ProjectReference(file:/C:/Users/Sabina/Documents/GitHub/DreamSpace/,root), Config: compile)),true,None)
Sending msg to client activator-8328cc6d-2bea-405c-978c-c61d8b586baf: TaskFinished(1,75,None,true,None)
Sending msg to client activator-8328cc6d-2bea-405c-978c-c61d8b586baf: TaskFinished(1,71,Some(AttributeKey[sbt.SendEventService]("sendEventService") in Scope(Global)),true,None)
Sending msg to client activator-8328cc6d-2bea-405c-978c-c61d8b586baf: TaskFinished(1,79,Some(AttributeKey[scala.collection.Seq[java.io.File]]("unmanagedSources") in Scope(Build: file:/C:/Users/Sabina/Documents/GitHub/DreamSpace/, , Project: ProjectReference(file:/C:/Users/Sabina/Documents/GitHub/DreamSpace/,root), Config: compile)),true,None)
Sending msg to client activator-8328cc6d-2bea-405c-978c-c61d8b586baf: TaskStarted(1,78,Some(AttributeKey[scala.collection.Seq[java.io.File]]("unmanagedSources") in Scope(Build: file:/C:/Users/Sabina/Documents/GitHub/DreamSpace/, , Project: ProjectReference(file:/C:/Users/Sabina/Documents/GitHub/DreamSpace/,root), Config: compile)))
Sending msg to client activator-8328cc6d-2bea-405c-978c-c61d8b586baf: TaskFinished(1,88,Some(AttributeKey[scala.collection.Seq[java.lang.String]]("scalacOptions") in Scope(Global)),true,None)
Sending msg to client activator-8328cc6d-2bea-405c-978c-c61d8b586baf: TaskFinished(1,89,None,true,None)
Sending msg to client activator-8328cc6d-2bea-405c-978c-c61d8b586baf: TaskStarted(1,87,Some(AttributeKey[scala.collection.Seq[java.lang.String]]("scalacOptions") in Scope(Build: file:/C:/Users/Sabina/Documents/GitHub/DreamSpace/, , Project: ProjectReference(file:/C:/Users/Sabina/Documents/GitHub/DreamSpace/,root))))
Sending msg to client activator-8328cc6d-2bea-405c-978c-c61d8b586baf: TaskFinished(1,91,None,true,None)
Sending msg to client activator-8328cc6d-2bea-405c-978c-c61d8b586baf: TaskFinished(1,92,Some(AttributeKey[scala.collection.Seq[java.lang.String]]("javacOptions") in Scope(Global)),true,None)
Sending msg to client activator-8328cc6d-2bea-405c-978c-c61d8b586baf: TaskStarted(1,90,Some(AttributeKey[scala.collection.Seq[java.lang.String]]("javacOptions") in Scope(Build: file:/C:/Users/Sabina/Documents/GitHub/DreamSpace/, , Project: ProjectReference(file:/C:/Users/Sabina/Documents/GitHub/DreamSpace/,root), Config: compile)))
Sending msg to client activator-8328cc6d-2bea-405c-978c-c61d8b586baf: TaskFinished(1,96,Some(AttributeKey[scala.collection.Seq[scala.Function1[xsbti.Position,scala.Option[xsbti.Position]]]]("sourcePositionMappers") in Scope(Global)),true,None)
Sending msg to client activator-8328cc6d-2bea-405c-978c-c61d8b586baf: TaskFinished(1,98,None,true,None)
Sending msg to client activator-8328cc6d-2bea-405c-978c-c61d8b586baf: TaskFinished(1,22,None,true,None)
Sending msg to client activator-8328cc6d-2bea-405c-978c-c61d8b586baf: TaskFinished(1,18,None,true,None)
Sending msg to client activator-8328cc6d-2bea-405c-978c-c61d8b586baf: TaskFinished(1,39,None,true,None)
Sending msg to client activator-8328cc6d-2bea-405c-978c-c61d8b586baf: TaskFinished(1,44,None,true,None)
Sending msg to client activator-8328cc6d-2bea-405c-978c-c61d8b586baf: TaskFinished(1,47,None,true,None)
Sending msg to client activator-8328cc6d-2bea-405c-978c-c61d8b586baf: TaskFinished(1,58,None,true,None)
Sending msg to client activator-8328cc6d-2bea-405c-978c-c61d8b586baf: TaskFinished(1,56,None,true,None)
Sending msg to client activator-8328cc6d-2bea-405c-978c-c61d8b586baf: TaskFinished(1,60,None,true,None)
Sending msg to client activator-8328cc6d-2bea-405c-978c-c61d8b586baf: TaskFinished(1,54,None,true,None)
Sending msg to client activator-8328cc6d-2bea-405c-978c-c61d8b586baf: TaskFinished(1,62,None,true,None)
Sending msg to client activator-8328cc6d-2bea-405c-978c-c61d8b586baf: TaskFinished(1,50,None,true,None)
Sending msg to client activator-8328cc6d-2bea-405c-978c-c61d8b586baf: TaskStarted(1,49,Some(AttributeKey[scala.collection.immutable.Map[sbt.ModuleID,sbt.SourcePosition]]("dependencyPositions") in Scope(Build: file:/C:/Users/Sabina/Documents/GitHub/DreamSpace/, , Project: ProjectReference(file:/C:/Users/Sabina/Documents/GitHub/DreamSpace/,root))))
Sending msg to client activator-8328cc6d-2bea-405c-978c-c61d8b586baf: TaskFinished(1,64,None,true,None)
Sending msg to client activator-8328cc6d-2bea-405c-978c-c61d8b586baf: TaskFinished(1,68,None,true,None)
Sending msg to client activator-8328cc6d-2bea-405c-978c-c61d8b586baf: TaskFinished(1,76,None,true,None)
Sending msg to client activator-8328cc6d-2bea-405c-978c-c61d8b586baf: TaskFinished(1,85,None,true,None)
Sending msg to client activator-8328cc6d-2bea-405c-978c-c61d8b586baf: TaskFinished(1,93,None,true,None)
Sending msg to client activator-8328cc6d-2bea-405c-978c-c61d8b586baf: TaskFinished(1,101,None,true,None)
Sending msg to client activator-8328cc6d-2bea-405c-978c-c61d8b586baf: TaskFinished(1,6,Some(AttributeKey[sbt.inc.IncOptions]("incOptions") in Scope(Build: file:/C:/Users/Sabina/Documents/GitHub/DreamSpace/, , Project: ProjectReference(file:/C:/Users/Sabina/Documents/GitHub/DreamSpace/,root))),true,None)
Sending msg to client activator-8328cc6d-2bea-405c-978c-c61d8b586baf: TaskFinished(1,24,Some(AttributeKey[sbt.BuildStructure]("buildStructure") in Scope(Global)),true,None)
Sending msg to client activator-8328cc6d-2bea-405c-978c-c61d8b586baf: TaskStarted(1,23,Some(AttributeKey[sbt.Settings[sbt.Scope]]("settingsData") in Scope(Global)))
Sending msg to client activator-8328cc6d-2bea-405c-978c-c61d8b586baf: TaskFinished(1,51,Some(AttributeKey[java.io.File]("dependencyCacheDirectory") in Scope(Build: file:/C:/Users/Sabina/Documents/GitHub/DreamSpace/, , Project: ProjectReference(file:/C:/Users/Sabina/Documents/GitHub/DreamSpace/,root))),true,None)
Sending msg to client activator-8328cc6d-2bea-405c-978c-c61d8b586baf: TaskFinished(1,63,Some(AttributeKey[xsbti.compile.GlobalsCache]("compilerCache") in Scope(Global)),true,None)
Sending msg to client activator-8328cc6d-2bea-405c-978c-c61d8b586baf: TaskFinished(1,27,Some(AttributeKey[scala.collection.Seq[sbt.UpdateReport]]("transitiveUpdate") in Scope(Build: file:/C:/Users/Sabina/Documents/GitHub/DreamSpace/, , Project: ProjectReference(file:/C:/Users/Sabina/Documents/GitHub/DreamSpace/,root))),true,None)
Sending msg to client activator-8328cc6d-2bea-405c-978c-c61d8b586baf: TaskFinished(1,35,Some(AttributeKey[scala.collection.Seq[sbt.ModuleID]]("echoTraceDependencies") in Scope(Build: file:/C:/Users/Sabina/Documents/GitHub/DreamSpace/, , Project: ProjectReference(file:/C:/Users/Sabina/Documents/GitHub/DreamSpace/,root), Config: echo)),true,None)
Sending msg to client activator-8328cc6d-2bea-405c-978c-c61d8b586baf: TaskFinished(1,87,Some(AttributeKey[scala.collection.Seq[java.lang.String]]("scalacOptions") in Scope(Build: file:/C:/Users/Sabina/Documents/GitHub/DreamSpace/, , Project: ProjectReference(file:/C:/Users/Sabina/Documents/GitHub/DreamSpace/,root))),true,None)
Sending msg to client activator-8328cc6d-2bea-405c-978c-c61d8b586baf: TaskStarted(1,86,Some(AttributeKey[java.lang.String]("twirlSourceEncoding") in Scope(Build: file:/C:/Users/Sabina/Documents/GitHub/DreamSpace/, , Project: ProjectReference(file:/C:/Users/Sabina/Documents/GitHub/DreamSpace/,root))))
Sending msg to client activator-8328cc6d-2bea-405c-978c-c61d8b586baf: TaskFinished(1,78,Some(AttributeKey[scala.collection.Seq[java.io.File]]("unmanagedSources") in Scope(Build: file:/C:/Users/Sabina/Documents/GitHub/DreamSpace/, , Project: ProjectReference(file:/C:/Users/Sabina/Documents/GitHub/DreamSpace/,root), Config: compile)),true,None)
Sending msg to client activator-8328cc6d-2bea-405c-978c-c61d8b586baf: TaskFinished(1,90,Some(AttributeKey[scala.collection.Seq[java.lang.String]]("javacOptions") in Scope(Build: file:/C:/Users/Sabina/Documents/GitHub/DreamSpace/, , Project: ProjectReference(file:/C:/Users/Sabina/Documents/GitHub/DreamSpace/,root), Config: compile)),true,None)
Sending msg to client activator-8328cc6d-2bea-405c-978c-c61d8b586baf: TaskFinished(1,82,None,true,None)
Sending msg to client activator-8328cc6d-2bea-405c-978c-c61d8b586baf: TaskFinished(1,49,Some(AttributeKey[scala.collection.immutable.Map[sbt.ModuleID,sbt.SourcePosition]]("dependencyPositions") in Scope(Build: file:/C:/Users/Sabina/Documents/GitHub/DreamSpace/, , Project: ProjectReference(file:/C:/Users/Sabina/Documents/GitHub/DreamSpace/,root))),true,None)
Sending msg to client activator-8328cc6d-2bea-405c-978c-c61d8b586baf: TaskStarted(1,48,Some(AttributeKey[sbt.UnresolvedWarningConfiguration]("unresolvedWarningConfiguration") in Scope(Build: file:/C:/Users/Sabina/Documents/GitHub/DreamSpace/, , Project: ProjectReference(file:/C:/Users/Sabina/Documents/GitHub/DreamSpace/,root), Task: AttributeKey[sbt.UpdateReport]("update"))))
Sending msg to client activator-8328cc6d-2bea-405c-978c-c61d8b586baf: TaskFinished(1,23,Some(AttributeKey[sbt.Settings[sbt.Scope]]("settingsData") in Scope(Global)),true,None)
Sending msg to client activator-8328cc6d-2bea-405c-978c-c61d8b586baf: TaskStarted(1,21,None)
Sending msg to client activator-8328cc6d-2bea-405c-978c-c61d8b586baf: TaskStarted(1,34,Some(AttributeKey[scala.collection.Seq[sbt.ModuleID]]("projectDependencies") in Scope(Build: file:/C:/Users/Sabina/Documents/GitHub/DreamSpace/, , Project: ProjectReference(file:/C:/Users/Sabina/Documents/GitHub/DreamSpace/,root))))
Sending msg to client activator-8328cc6d-2bea-405c-978c-c61d8b586baf: TaskStarted(1,43,Some(AttributeKey[scala.collection.immutable.Map[org.apache.ivy.core.module.id.ModuleRevisionId,org.apache.ivy.core.module.descriptor.ModuleDescriptor]]("projectDescriptors") in Scope(Build: file:/C:/Users/Sabina/Documents/GitHub/DreamSpace/, , Project: ProjectReference(file:/C:/Users/Sabina/Documents/GitHub/DreamSpace/,root))))
Sending msg to client activator-8328cc6d-2bea-405c-978c-c61d8b586baf: TaskStarted(1,57,None)
Sending msg to client activator-8328cc6d-2bea-405c-978c-c61d8b586baf: TaskStarted(1,74,Some(AttributeKey[sbt.ScalaInstance]("scalaInstance") in Scope(Build: file:/C:/Users/Sabina/Documents/GitHub/DreamSpace/, , Project: ProjectReference(file:/C:/Users/Sabina/Documents/GitHub/DreamSpace/,root))))
Sending msg to client activator-8328cc6d-2bea-405c-978c-c61d8b586baf: TaskStarted(1,100,None)
Sending msg to client activator-8328cc6d-2bea-405c-978c-c61d8b586baf: TaskFinished(1,86,Some(AttributeKey[java.lang.String]("twirlSourceEncoding") in Scope(Build: file:/C:/Users/Sabina/Documents/GitHub/DreamSpace/, , Project: ProjectReference(file:/C:/Users/Sabina/Documents/GitHub/DreamSpace/,root))),true,None)
Sending msg to client activator-8328cc6d-2bea-405c-978c-c61d8b586baf: TaskStarted(1,84,None)
Sending msg to client activator-8328cc6d-2bea-405c-978c-c61d8b586baf: TaskStarted(1,97,None)
Sending msg to client activator-8328cc6d-2bea-405c-978c-c61d8b586baf: TaskFinished(1,48,Some(AttributeKey[sbt.UnresolvedWarningConfiguration]("unresolvedWarningConfiguration") in Scope(Build: file:/C:/Users/Sabina/Documents/GitHub/DreamSpace/, , Project: ProjectReference(file:/C:/Users/Sabina/Documents/GitHub/DreamSpace/,root), Task: AttributeKey[sbt.UpdateReport]("update"))),true,None)
Sending msg to client activator-8328cc6d-2bea-405c-978c-c61d8b586baf: TaskStarted(1,102,None)
Sending msg to client activator-8328cc6d-2bea-405c-978c-c61d8b586baf: TaskFinished(1,34,Some(AttributeKey[scala.collection.Seq[sbt.ModuleID]]("projectDependencies") in Scope(Build: file:/C:/Users/Sabina/Documents/GitHub/DreamSpace/, , Project: ProjectReference(file:/C:/Users/Sabina/Documents/GitHub/DreamSpace/,root))),true,None)
Sending msg to client activator-8328cc6d-2bea-405c-978c-c61d8b586baf: TaskStarted(1,33,Some(AttributeKey[scala.collection.Seq[sbt.ModuleID]]("allDependencies") in Scope(Build: file:/C:/Users/Sabina/Documents/GitHub/DreamSpace/, , Project: ProjectReference(file:/C:/Users/Sabina/Documents/GitHub/DreamSpace/,root))))
Sending msg to client activator-8328cc6d-2bea-405c-978c-c61d8b586baf: TaskStarted(1,107,None)
Sending msg to client activator-8328cc6d-2bea-405c-978c-c61d8b586baf: (7,KeyLookupResponse(mainClass,Vector(AttributeKey[scala.Option[java.lang.String]]("mainClass") in Scope(Build: file:/C:/Users/Sabina/Documents/GitHub/DreamSpace/, , Project: ProjectReference(file:/C:/Users/Sabina/Documents/GitHub/DreamSpace/,root), Config: compile))))
Sending msg to client activator-8328cc6d-2bea-405c-978c-c61d8b586baf: TaskStarted(1,109,None)
Sending msg to client activator-8328cc6d-2bea-405c-978c-c61d8b586baf: TaskStarted(1,110,None)
Sending msg to client activator-8328cc6d-2bea-405c-978c-c61d8b586baf: TaskStarted(1,113,None)
Sending msg to client activator-8328cc6d-2bea-405c-978c-c61d8b586baf: TaskStarted(1,115,None)
Sending msg to client activator-8328cc6d-2bea-405c-978c-c61d8b586baf: TaskFinished(1,102,None,true,None)
Sending msg to client activator-8328cc6d-2bea-405c-978c-c61d8b586baf: TaskFinished(1,21,None,true,None)
Sending msg to client activator-8328cc6d-2bea-405c-978c-c61d8b586baf: TaskFinished(1,33,Some(AttributeKey[scala.collection.Seq[sbt.ModuleID]]("allDependencies") in Scope(Build: file:/C:/Users/Sabina/Documents/GitHub/DreamSpace/, , Project: ProjectReference(file:/C:/Users/Sabina/Documents/GitHub/DreamSpace/,root))),true,None)
Sending msg to client activator-8328cc6d-2bea-405c-978c-c61d8b586baf: TaskStarted(1,32,Some(AttributeKey[scala.collection.Seq[sbt.ModuleID]]("allDependencies") in Scope(Build: file:/C:/Users/Sabina/Documents/GitHub/DreamSpace/, , Project: ProjectReference(file:/C:/Users/Sabina/Documents/GitHub/DreamSpace/,root))))
Sending msg to client activator-8328cc6d-2bea-405c-978c-c61d8b586baf: TaskFinished(1,107,None,true,None)
Sending msg to client activator-8328cc6d-2bea-405c-978c-c61d8b586baf: TaskStarted(1,106,None)
Sending msg to client activator-8328cc6d-2bea-405c-978c-c61d8b586baf: TaskFinished(1,97,None,true,None)
Sending msg to client activator-8328cc6d-2bea-405c-978c-c61d8b586baf: TaskStarted(1,95,Some(AttributeKey[scala.collection.Seq[scala.Function1[xsbti.Position,scala.Option[xsbti.Position]]]]("sourcePositionMappers") in Scope(Build: file:/C:/Users/Sabina/Documents/GitHub/DreamSpace/, , Project: ProjectReference(file:/C:/Users/Sabina/Documents/GitHub/DreamSpace/,root))))
Sending msg to client activator-8328cc6d-2bea-405c-978c-c61d8b586baf: TaskFinished(1,109,None,true,None)
Sending msg to client activator-8328cc6d-2bea-405c-978c-c61d8b586baf: TaskFinished(1,110,None,true,None)
Sending msg to client activator-8328cc6d-2bea-405c-978c-c61d8b586baf: TaskStarted(1,108,Some(AttributeKey[scala.collection.Seq[sbt.Attributed[java.io.File]]]("unmanagedJars") in Scope(Build: file:/C:/Users/Sabina/Documents/GitHub/DreamSpace/, , Project: ProjectReference(file:/C:/Users/Sabina/Documents/GitHub/DreamSpace/,root), Config: compile)))
Sending msg to client activator-8328cc6d-2bea-405c-978c-c61d8b586baf: TaskFinished(1,113,None,true,None)
Sending msg to client activator-8328cc6d-2bea-405c-978c-c61d8b586baf: TaskStarted(1,112,None)
Sending msg to client activator-8328cc6d-2bea-405c-978c-c61d8b586baf: TaskFinished(1,115,None,true,None)
Sending msg to client activator-8328cc6d-2bea-405c-978c-c61d8b586baf: TaskStarted(1,114,None)
Sending msg to client activator-8328cc6d-2bea-405c-978c-c61d8b586baf: TaskFinished(1,32,Some(AttributeKey[scala.collection.Seq[sbt.ModuleID]]("allDependencies") in Scope(Build: file:/C:/Users/Sabina/Documents/GitHub/DreamSpace/, , Project: ProjectReference(file:/C:/Users/Sabina/Documents/GitHub/DreamSpace/,root))),true,None)
Sending msg to client activator-8328cc6d-2bea-405c-978c-c61d8b586baf: TaskStarted(1,31,Some(AttributeKey[sbt.ModuleSettings]("moduleSettings") in Scope(Build: file:/C:/Users/Sabina/Documents/GitHub/DreamSpace/, , Project: ProjectReference(file:/C:/Users/Sabina/Documents/GitHub/DreamSpace/,root))))
Sending msg to client activator-8328cc6d-2bea-405c-978c-c61d8b586baf: TaskStarted(1,116,None)
Sending msg to client activator-8328cc6d-2bea-405c-978c-c61d8b586baf: TaskFinished(1,95,Some(AttributeKey[scala.collection.Seq[scala.Function1[xsbti.Position,scala.Option[xsbti.Position]]]]("sourcePositionMappers") in Scope(Build: file:/C:/Users/Sabina/Documents/GitHub/DreamSpace/, , Project: ProjectReference(file:/C:/Users/Sabina/Documents/GitHub/DreamSpace/,root))),true,None)
Sending msg to client activator-8328cc6d-2bea-405c-978c-c61d8b586baf: TaskStarted(1,94,Some(AttributeKey[scala.collection.Seq[scala.Function1[xsbti.Position,scala.Option[xsbti.Position]]]]("sourcePositionMappers") in Scope(Build: file:/C:/Users/Sabina/Documents/GitHub/DreamSpace/, , Project: ProjectReference(file:/C:/Users/Sabina/Documents/GitHub/DreamSpace/,root))))
Sending msg to client activator-8328cc6d-2bea-405c-978c-c61d8b586baf: TaskFinished(1,108,Some(AttributeKey[scala.collection.Seq[sbt.Attributed[java.io.File]]]("unmanagedJars") in Scope(Build: file:/C:/Users/Sabina/Documents/GitHub/DreamSpace/, , Project: ProjectReference(file:/C:/Users/Sabina/Documents/GitHub/DreamSpace/,root), Config: compile)),true,None)
Sending msg to client activator-8328cc6d-2bea-405c-978c-c61d8b586baf: TaskFinished(1,112,None,true,None)
Sending msg to client activator-8328cc6d-2bea-405c-978c-c61d8b586baf: TaskFinished(1,43,Some(AttributeKey[scala.collection.immutable.Map[org.apache.ivy.core.module.id.ModuleRevisionId,org.apache.ivy.core.module.descriptor.ModuleDescriptor]]("projectDescriptors") in Scope(Build: file:/C:/Users/Sabina/Documents/GitHub/DreamSpace/, , Project: ProjectReference(file:/C:/Users/Sabina/Documents/GitHub/DreamSpace/,root))),true,None)
Sending msg to client activator-8328cc6d-2bea-405c-978c-c61d8b586baf: TaskStarted(1,42,Some(AttributeKey[sbt.Resolver]("projectResolver") in Scope(Build: file:/C:/Users/Sabina/Documents/GitHub/DreamSpace/, , Project: ProjectReference(file:/C:/Users/Sabina/Documents/GitHub/DreamSpace/,root))))
Sending msg to client activator-8328cc6d-2bea-405c-978c-c61d8b586baf: TaskFinished(1,114,None,true,None)
Sending msg to client activator-8328cc6d-2bea-405c-978c-c61d8b586baf: TaskFinished(1,100,None,true,None)
Sending msg to client activator-8328cc6d-2bea-405c-978c-c61d8b586baf: TaskFinished(1,31,Some(AttributeKey[sbt.ModuleSettings]("moduleSettings") in Scope(Build: file:/C:/Users/Sabina/Documents/GitHub/DreamSpace/, , Project: ProjectReference(file:/C:/Users/Sabina/Documents/GitHub/DreamSpace/,root))),true,None)
Sending msg to client activator-8328cc6d-2bea-405c-978c-c61d8b586baf: TaskFinished(1,116,None,true,None)
Sending msg to client activator-8328cc6d-2bea-405c-978c-c61d8b586baf: TaskFinished(1,106,None,true,None)
Sending msg to client activator-8328cc6d-2bea-405c-978c-c61d8b586baf: TaskStarted(1,105,Some(AttributeKey[scala.collection.Seq[sbt.Attributed[java.io.File]]]("unmanagedJars") in Scope(Build: file:/C:/Users/Sabina/Documents/GitHub/DreamSpace/, , Project: ProjectReference(file:/C:/Users/Sabina/Documents/GitHub/DreamSpace/,root), Config: compile)))
Sending msg to client activator-8328cc6d-2bea-405c-978c-c61d8b586baf: TaskFinished(1,94,Some(AttributeKey[scala.collection.Seq[scala.Function1[xsbti.Position,scala.Option[xsbti.Position]]]]("sourcePositionMappers") in Scope(Build: file:/C:/Users/Sabina/Documents/GitHub/DreamSpace/, , Project: ProjectReference(file:/C:/Users/Sabina/Documents/GitHub/DreamSpace/,root))),true,None)
Sending msg to client activator-8328cc6d-2bea-405c-978c-c61d8b586baf: TaskFinished(1,42,Some(AttributeKey[sbt.Resolver]("projectResolver") in Scope(Build: file:/C:/Users/Sabina/Documents/GitHub/DreamSpace/, , Project: ProjectReference(file:/C:/Users/Sabina/Documents/GitHub/DreamSpace/,root))),true,None)
Sending msg to client activator-8328cc6d-2bea-405c-978c-c61d8b586baf: TaskStarted(1,41,Some(AttributeKey[scala.collection.Seq[sbt.Resolver]]("fullResolvers") in Scope(Build: file:/C:/Users/Sabina/Documents/GitHub/DreamSpace/, , Project: ProjectReference(file:/C:/Users/Sabina/Documents/GitHub/DreamSpace/,root))))
Sending msg to client activator-8328cc6d-2bea-405c-978c-c61d8b586baf: TaskFinished(1,105,Some(AttributeKey[scala.collection.Seq[sbt.Attributed[java.io.File]]]("unmanagedJars") in Scope(Build: file:/C:/Users/Sabina/Documents/GitHub/DreamSpace/, , Project: ProjectReference(file:/C:/Users/Sabina/Documents/GitHub/DreamSpace/,root), Config: compile)),true,None)
Sending msg to client activator-8328cc6d-2bea-405c-978c-c61d8b586baf: TaskStarted(1,104,None)
Sending msg to client activator-8328cc6d-2bea-405c-978c-c61d8b586baf: (8,KeyLookupResponse(echo:echoTraceSupported,Vector()))
Sending msg to client activator-8328cc6d-2bea-405c-978c-c61d8b586baf: TaskFinished(1,41,Some(AttributeKey[scala.collection.Seq[sbt.Resolver]]("fullResolvers") in Scope(Build: file:/C:/Users/Sabina/Documents/GitHub/DreamSpace/, , Project: ProjectReference(file:/C:/Users/Sabina/Documents/GitHub/DreamSpace/,root))),true,None)
Sending msg to client activator-8328cc6d-2bea-405c-978c-c61d8b586baf: TaskStarted(1,40,Some(AttributeKey[sbt.IvyConfiguration]("ivyConfiguration") in Scope(Build: file:/C:/Users/Sabina/Documents/GitHub/DreamSpace/, , Project: ProjectReference(file:/C:/Users/Sabina/Documents/GitHub/DreamSpace/,root))))
Sending msg to client activator-8328cc6d-2bea-405c-978c-c61d8b586baf: TaskFinished(1,104,None,true,None)
Sending msg to client activator-8328cc6d-2bea-405c-978c-c61d8b586baf: TaskStarted(1,103,None)
Sending msg to client activator-8328cc6d-2bea-405c-978c-c61d8b586baf: TaskFinished(1,103,None,true,None)
Sending msg to client activator-8328cc6d-2bea-405c-978c-c61d8b586baf: TaskFinished(1,57,None,true,None)
Sending msg to client activator-8328cc6d-2bea-405c-978c-c61d8b586baf: TaskStarted(1,55,Some(AttributeKey[scala.collection.Seq[sbt.Attributed[java.io.File]]]("unmanagedClasspath") in Scope(Build: file:/C:/Users/Sabina/Documents/GitHub/DreamSpace/, , Project: ProjectReference(file:/C:/Users/Sabina/Documents/GitHub/DreamSpace/,root), Config: compile)))
Sending msg to client activator-8328cc6d-2bea-405c-978c-c61d8b586baf: TaskFinished(1,40,Some(AttributeKey[sbt.IvyConfiguration]("ivyConfiguration") in Scope(Build: file:/C:/Users/Sabina/Documents/GitHub/DreamSpace/, , Project: ProjectReference(file:/C:/Users/Sabina/Documents/GitHub/DreamSpace/,root))),true,None)
Sending msg to client activator-8328cc6d-2bea-405c-978c-c61d8b586baf: TaskStarted(1,37,Some(AttributeKey[sbt.IvySbt]("ivySbt") in Scope(Build: file:/C:/Users/Sabina/Documents/GitHub/DreamSpace/, , Project: ProjectReference(file:/C:/Users/Sabina/Documents/GitHub/DreamSpace/,root))))
Sending msg to client activator-8328cc6d-2bea-405c-978c-c61d8b586baf: TaskFinished(1,55,Some(AttributeKey[scala.collection.Seq[sbt.Attributed[java.io.File]]]("unmanagedClasspath") in Scope(Build: file:/C:/Users/Sabina/Documents/GitHub/DreamSpace/, , Project: ProjectReference(file:/C:/Users/Sabina/Documents/GitHub/DreamSpace/,root), Config: compile)),true,None)
Sending msg to client activator-8328cc6d-2bea-405c-978c-c61d8b586baf: TaskFinished(1,37,Some(AttributeKey[sbt.IvySbt]("ivySbt") in Scope(Build: file:/C:/Users/Sabina/Documents/GitHub/DreamSpace/, , Project: ProjectReference(file:/C:/Users/Sabina/Documents/GitHub/DreamSpace/,root))),true,None)
Sending msg to client activator-8328cc6d-2bea-405c-978c-c61d8b586baf: TaskStarted(1,30,Some(AttributeKey[sbt.IvySbt$Module]("ivyModule") in Scope(Build: file:/C:/Users/Sabina/Documents/GitHub/DreamSpace/, , Project: ProjectReference(file:/C:/Users/Sabina/Documents/GitHub/DreamSpace/,root))))
Sending msg to client activator-8328cc6d-2bea-405c-978c-c61d8b586baf: TaskFinished(1,30,Some(AttributeKey[sbt.IvySbt$Module]("ivyModule") in Scope(Build: file:/C:/Users/Sabina/Documents/GitHub/DreamSpace/, , Project: ProjectReference(file:/C:/Users/Sabina/Documents/GitHub/DreamSpace/,root))),true,None)
Sending msg to client activator-8328cc6d-2bea-405c-978c-c61d8b586baf: TaskStarted(1,20,Some(AttributeKey[sbt.UpdateReport]("update") in Scope(Build: file:/C:/Users/Sabina/Documents/GitHub/DreamSpace/, , Project: ProjectReference(file:/C:/Users/Sabina/Documents/GitHub/DreamSpace/,root))))
Got request: ListenToValue(AttributeKey[scala.Option[java.lang.String]]("mainClass") in Scope(Build: file:/C:/Users/Sabina/Documents/GitHub/DreamSpace/, , Project: ProjectReference(file:/C:/Users/Sabina/Documents/GitHub/DreamSpace/,root), Config: compile))
Reading next message from client.
Sending msg to client activator-8328cc6d-2bea-405c-978c-c61d8b586baf: (9,KeyLookupResponse(echo:echoPlayVersionReport,Vector()))
Got request: SendSyntheticValueChanged(AttributeKey[scala.Option[java.lang.String]]("mainClass") in Scope(Build: file:/C:/Users/Sabina/Documents/GitHub/DreamSpace/, , Project: ProjectReference(file:/C:/Users/Sabina/Documents/GitHub/DreamSpace/,root), Config: compile))
Reading next message from client.
Sending msg to client activator-8328cc6d-2bea-405c-978c-c61d8b586baf: (10,KeyLookupResponse(echo:echoAkkaVersionReport,Vector()))
Sending msg to client activator-8328cc6d-2bea-405c-978c-c61d8b586baf: (11,KeyLookupResponse(echo:echoTracePlayVersion,Vector()))
Sending msg to client activator-8328cc6d-2bea-405c-978c-c61d8b586baf: TaskFinished(1,20,Some(AttributeKey[sbt.UpdateReport]("update") in Scope(Build: file:/C:/Users/Sabina/Documents/GitHub/DreamSpace/, , Project: ProjectReference(file:/C:/Users/Sabina/Documents/GitHub/DreamSpace/,root))),true,None)
Sending msg to client activator-8328cc6d-2bea-405c-978c-c61d8b586baf: TaskStarted(1,17,Some(AttributeKey[sbt.UpdateReport]("update") in Scope(Build: file:/C:/Users/Sabina/Documents/GitHub/DreamSpace/, , Project: ProjectReference(file:/C:/Users/Sabina/Documents/GitHub/DreamSpace/,root))))
Sending msg to client activator-8328cc6d-2bea-405c-978c-c61d8b586baf: TaskFinished(1,17,Some(AttributeKey[sbt.UpdateReport]("update") in Scope(Build: file:/C:/Users/Sabina/Documents/GitHub/DreamSpace/, , Project: ProjectReference(file:/C:/Users/Sabina/Documents/GitHub/DreamSpace/,root))),true,None)
Sending msg to client activator-8328cc6d-2bea-405c-978c-c61d8b586baf: TaskStarted(1,15,Some(AttributeKey[sbt.Configuration]("classpathConfiguration") in Scope(Build: file:/C:/Users/Sabina/Documents/GitHub/DreamSpace/, , Project: ProjectReference(file:/C:/Users/Sabina/Documents/GitHub/DreamSpace/,root), Config: compile)))
Sending msg to client activator-8328cc6d-2bea-405c-978c-c61d8b586baf: TaskStarted(1,99,Some(AttributeKey[scala.collection.Seq[java.lang.String]]("scalacOptions") in Scope(Build: file:/C:/Users/Sabina/Documents/GitHub/DreamSpace/, , Project: ProjectReference(file:/C:/Users/Sabina/Documents/GitHub/DreamSpace/,root), Config: compile)))
Sending msg to client activator-8328cc6d-2bea-405c-978c-c61d8b586baf: TaskStarted(1,111,None)
Sending msg to client activator-8328cc6d-2bea-405c-978c-c61d8b586baf: TaskFinished(1,15,Some(AttributeKey[sbt.Configuration]("classpathConfiguration") in Scope(Build: file:/C:/Users/Sabina/Documents/GitHub/DreamSpace/, , Project: ProjectReference(file:/C:/Users/Sabina/Documents/GitHub/DreamSpace/,root), Config: compile)),true,None)
Sending msg to client activator-8328cc6d-2bea-405c-978c-c61d8b586baf: TaskStarted(1,14,None)
Sending msg to client activator-8328cc6d-2bea-405c-978c-c61d8b586baf: TaskStarted(1,61,None)
Sending msg to client activator-8328cc6d-2bea-405c-978c-c61d8b586baf: TaskFinished(1,99,Some(AttributeKey[scala.collection.Seq[java.lang.String]]("scalacOptions") in Scope(Build: file:/C:/Users/Sabina/Documents/GitHub/DreamSpace/, , Project: ProjectReference(file:/C:/Users/Sabina/Documents/GitHub/DreamSpace/,root), Config: compile)),true,None)
Sending msg to client activator-8328cc6d-2bea-405c-978c-c61d8b586baf: TaskFinished(1,111,None,true,None)
Sending msg to client activator-8328cc6d-2bea-405c-978c-c61d8b586baf: TaskFinished(1,74,Some(AttributeKey[sbt.ScalaInstance]("scalaInstance") in Scope(Build: file:/C:/Users/Sabina/Documents/GitHub/DreamSpace/, , Project: ProjectReference(file:/C:/Users/Sabina/Documents/GitHub/DreamSpace/,root))),true,None)
Sending msg to client activator-8328cc6d-2bea-405c-978c-c61d8b586baf: TaskStarted(1,73,Some(AttributeKey[sbt.Compiler$Compilers]("compilers") in Scope(Global)))
Sending msg to client activator-8328cc6d-2bea-405c-978c-c61d8b586baf: TaskFinished(1,14,None,true,None)
Sending msg to client activator-8328cc6d-2bea-405c-978c-c61d8b586baf: TaskStarted(1,13,Some(AttributeKey[scala.collection.Seq[sbt.Attributed[java.io.File]]]("managedClasspath") in Scope(Build: file:/C:/Users/Sabina/Documents/GitHub/DreamSpace/, , Project: ProjectReference(file:/C:/Users/Sabina/Documents/GitHub/DreamSpace/,root), Config: compile)))
Sending msg to client activator-8328cc6d-2bea-405c-978c-c61d8b586baf: TaskStarted(1,119,None)
Sending msg to client activator-8328cc6d-2bea-405c-978c-c61d8b586baf: TaskStarted(1,120,None)
Sending msg to client activator-8328cc6d-2bea-405c-978c-c61d8b586baf: TaskFinished(1,73,Some(AttributeKey[sbt.Compiler$Compilers]("compilers") in Scope(Global)),true,None)
Sending msg to client activator-8328cc6d-2bea-405c-978c-c61d8b586baf: TaskFinished(1,13,Some(AttributeKey[scala.collection.Seq[sbt.Attributed[java.io.File]]]("managedClasspath") in Scope(Build: file:/C:/Users/Sabina/Documents/GitHub/DreamSpace/, , Project: ProjectReference(file:/C:/Users/Sabina/Documents/GitHub/DreamSpace/,root), Config: compile)),true,None)
Sending msg to client activator-8328cc6d-2bea-405c-978c-c61d8b586baf: TaskStarted(1,12,None)
Sending msg to client activator-8328cc6d-2bea-405c-978c-c61d8b586baf: TaskFinished(1,119,None,true,None)
Sending msg to client activator-8328cc6d-2bea-405c-978c-c61d8b586baf: TaskFinished(1,12,None,true,None)
Sending msg to client activator-8328cc6d-2bea-405c-978c-c61d8b586baf: TaskStarted(1,11,Some(AttributeKey[scala.collection.Seq[sbt.Attributed[java.io.File]]]("externalDependencyClasspath") in Scope(Build: file:/C:/Users/Sabina/Documents/GitHub/DreamSpace/, , Project: ProjectReference(file:/C:/Users/Sabina/Documents/GitHub/DreamSpace/,root), Config: compile)))
Sending msg to client activator-8328cc6d-2bea-405c-978c-c61d8b586baf: TaskFinished(1,11,Some(AttributeKey[scala.collection.Seq[sbt.Attributed[java.io.File]]]("externalDependencyClasspath") in Scope(Build: file:/C:/Users/Sabina/Documents/GitHub/DreamSpace/, , Project: ProjectReference(file:/C:/Users/Sabina/Documents/GitHub/DreamSpace/,root), Config: compile)),true,None)
Sending msg to client activator-8328cc6d-2bea-405c-978c-c61d8b586baf: (12,KeyLookupResponse(echo:echoAkkaVersionReport,Vector()))
Sending msg to client activator-8328cc6d-2bea-405c-978c-c61d8b586baf: TaskFinished(1,120,None,true,None)
Sending msg to client activator-8328cc6d-2bea-405c-978c-c61d8b586baf: TaskStarted(1,118,None)
Sending msg to client activator-8328cc6d-2bea-405c-978c-c61d8b586baf: TaskFinished(1,118,None,true,None)
Sending msg to client activator-8328cc6d-2bea-405c-978c-c61d8b586baf: TaskStarted(1,117,None)
Sending msg to client activator-8328cc6d-2bea-405c-978c-c61d8b586baf: TaskFinished(1,117,None,true,None)
Sending msg to client activator-8328cc6d-2bea-405c-978c-c61d8b586baf: TaskFinished(1,61,None,true,None)
Sending msg to client activator-8328cc6d-2bea-405c-978c-c61d8b586baf: TaskStarted(1,59,Some(AttributeKey[scala.collection.Seq[sbt.Attributed[java.io.File]]]("internalDependencyClasspath") in Scope(Build: file:/C:/Users/Sabina/Documents/GitHub/DreamSpace/, , Project: ProjectReference(file:/C:/Users/Sabina/Documents/GitHub/DreamSpace/,root), Config: compile)))
Sending msg to client activator-8328cc6d-2bea-405c-978c-c61d8b586baf: TaskFinished(1,59,Some(AttributeKey[scala.collection.Seq[sbt.Attributed[java.io.File]]]("internalDependencyClasspath") in Scope(Build: file:/C:/Users/Sabina/Documents/GitHub/DreamSpace/, , Project: ProjectReference(file:/C:/Users/Sabina/Documents/GitHub/DreamSpace/,root), Config: compile)),true,None)
Sending msg to client activator-8328cc6d-2bea-405c-978c-c61d8b586baf: TaskStarted(1,10,None)
Sending msg to client activator-8328cc6d-2bea-405c-978c-c61d8b586baf: TaskFinished(1,10,None,true,None)
Sending msg to client activator-8328cc6d-2bea-405c-978c-c61d8b586baf: TaskStarted(1,9,Some(AttributeKey[scala.collection.Seq[sbt.Attributed[java.io.File]]]("dependencyClasspath") in Scope(Build: file:/C:/Users/Sabina/Documents/GitHub/DreamSpace/, , Project: ProjectReference(file:/C:/Users/Sabina/Documents/GitHub/DreamSpace/,root), Config: compile)))
Sending msg to client activator-8328cc6d-2bea-405c-978c-c61d8b586baf: TaskFinished(1,9,Some(AttributeKey[scala.collection.Seq[sbt.Attributed[java.io.File]]]("dependencyClasspath") in Scope(Build: file:/C:/Users/Sabina/Documents/GitHub/DreamSpace/, , Project: ProjectReference(file:/C:/Users/Sabina/Documents/GitHub/DreamSpace/,root), Config: compile)),true,None)
Sending msg to client activator-8328cc6d-2bea-405c-978c-c61d8b586baf: TaskStarted(1,5,Some(AttributeKey[sbt.Compiler$IncSetup]("incCompileSetup") in Scope(Build: file:/C:/Users/Sabina/Documents/GitHub/DreamSpace/, , Project: ProjectReference(file:/C:/Users/Sabina/Documents/GitHub/DreamSpace/,root), Config: compile)))
Sending msg to client activator-8328cc6d-2bea-405c-978c-c61d8b586baf: TaskFinished(1,5,Some(AttributeKey[sbt.Compiler$IncSetup]("incCompileSetup") in Scope(Build: file:/C:/Users/Sabina/Documents/GitHub/DreamSpace/, , Project: ProjectReference(file:/C:/Users/Sabina/Documents/GitHub/DreamSpace/,root), Config: compile)),true,None)
Sending msg to client activator-8328cc6d-2bea-405c-978c-c61d8b586baf: TaskStarted(1,69,Some(AttributeKey[sbt.Compiler$PreviousAnalysis]("readAnalysis") in Scope(Build: file:/C:/Users/Sabina/Documents/GitHub/DreamSpace/, , Project: ProjectReference(file:/C:/Users/Sabina/Documents/GitHub/DreamSpace/,root), Config: compile)))
Sending msg to client activator-8328cc6d-2bea-405c-978c-c61d8b586baf: TaskFinished(1,69,Some(AttributeKey[sbt.Compiler$PreviousAnalysis]("readAnalysis") in Scope(Build: file:/C:/Users/Sabina/Documents/GitHub/DreamSpace/, , Project: ProjectReference(file:/C:/Users/Sabina/Documents/GitHub/DreamSpace/,root), Config: compile)),true,None)
Sending msg to client activator-8328cc6d-2bea-405c-978c-c61d8b586baf: (13,KeyLookupResponse(discoveredMainClasses,Vector(AttributeKey[scala.collection.Seq[java.lang.String]]("discoveredMainClasses") in Scope(Build: file:/C:/Users/Sabina/Documents/GitHub/DreamSpace/, , Project: ProjectReference(file:/C:/Users/Sabina/Documents/GitHub/DreamSpace/,root), Config: compile))))
Sending msg to client activator-8328cc6d-2bea-405c-978c-c61d8b586baf: (14,KeyLookupResponse(echo:echoTracePlayVersion,Vector()))
Sending msg to client activator-8328cc6d-2bea-405c-978c-c61d8b586baf: (15,KeyLookupResponse(mainClass,Vector(AttributeKey[scala.Option[java.lang.String]]("mainClass") in Scope(Build: file:/C:/Users/Sabina/Documents/GitHub/DreamSpace/, , Project: ProjectReference(file:/C:/Users/Sabina/Documents/GitHub/DreamSpace/,root), Config: compile))))
Sending msg to client activator-8328cc6d-2bea-405c-978c-c61d8b586baf: (16,KeyLookupResponse(echo:echoTraceSupported,Vector()))
Sending msg to client activator-8328cc6d-2bea-405c-978c-c61d8b586baf: (17,KeyLookupResponse(echo:echoPlayVersionReport,Vector()))
Sending msg to client activator-8328cc6d-2bea-405c-978c-c61d8b586baf: (18,ReceivedResponse())
Sending msg to client activator-8328cc6d-2bea-405c-978c-c61d8b586baf: ExecutionWaiting(2,{file:/C:/Users/Sabina/Documents/GitHub/DreamSpace/}root/compile:discoveredMainClasses,ClientInfo(8328cc6d-2bea-405c-978c-c61d8b586baf,activator,Activator,1,Vector()))
Sending msg to client activator-8328cc6d-2bea-405c-978c-c61d8b586baf: (19,ReceivedResponse())
Sending msg to client activator-8328cc6d-2bea-405c-978c-c61d8b586baf: ExecutionWaiting(3,{file:/C:/Users/Sabina/Documents/GitHub/DreamSpace/}root/compile:mainClass,ClientInfo(e619637f-9001-489e-839f-37b834bb00d7,activator,Activator,1,Vector()))
Sending msg to client activator-8328cc6d-2bea-405c-978c-c61d8b586baf: (20,ReceivedResponse())
Sending msg to client activator-8328cc6d-2bea-405c-978c-c61d8b586baf: (21,ReceivedResponse())
Sending msg to client activator-8328cc6d-2bea-405c-978c-c61d8b586baf: TaskFinished(1,84,None,true,None)
Sending msg to client activator-8328cc6d-2bea-405c-978c-c61d8b586baf: TaskStarted(1,83,Some(AttributeKey[scala.collection.Seq[java.io.File]]("twirlCompileTemplates") in Scope(Build: file:/C:/Users/Sabina/Documents/GitHub/DreamSpace/, , Project: ProjectReference(file:/C:/Users/Sabina/Documents/GitHub/DreamSpace/,root), Config: compile)))
Sending msg to client activator-8328cc6d-2bea-405c-978c-c61d8b586baf: TaskFinished(1,83,Some(AttributeKey[scala.collection.Seq[java.io.File]]("twirlCompileTemplates") in Scope(Build: file:/C:/Users/Sabina/Documents/GitHub/DreamSpace/, , Project: ProjectReference(file:/C:/Users/Sabina/Documents/GitHub/DreamSpace/,root), Config: compile)),true,None)
Sending msg to client activator-8328cc6d-2bea-405c-978c-c61d8b586baf: TaskStarted(1,81,None)
Sending msg to client activator-8328cc6d-2bea-405c-978c-c61d8b586baf: TaskFinished(1,81,None,true,None)
Sending msg to client activator-8328cc6d-2bea-405c-978c-c61d8b586baf: TaskStarted(1,80,Some(AttributeKey[scala.collection.Seq[java.io.File]]("managedSources") in Scope(Build: file:/C:/Users/Sabina/Documents/GitHub/DreamSpace/, , Project: ProjectReference(file:/C:/Users/Sabina/Documents/GitHub/DreamSpace/,root), Config: compile)))
Sending msg to client activator-8328cc6d-2bea-405c-978c-c61d8b586baf: TaskFinished(1,80,Some(AttributeKey[scala.collection.Seq[java.io.File]]("managedSources") in Scope(Build: file:/C:/Users/Sabina/Documents/GitHub/DreamSpace/, , Project: ProjectReference(file:/C:/Users/Sabina/Documents/GitHub/DreamSpace/,root), Config: compile)),true,None)
Sending msg to client activator-8328cc6d-2bea-405c-978c-c61d8b586baf: TaskStarted(1,77,Some(AttributeKey[scala.collection.Seq[java.io.File]]("sources") in Scope(Build: file:/C:/Users/Sabina/Documents/GitHub/DreamSpace/, , Project: ProjectReference(file:/C:/Users/Sabina/Documents/GitHub/DreamSpace/,root), Config: compile)))
Sending msg to client activator-8328cc6d-2bea-405c-978c-c61d8b586baf: TaskFinished(1,77,Some(AttributeKey[scala.collection.Seq[java.io.File]]("sources") in Scope(Build: file:/C:/Users/Sabina/Documents/GitHub/DreamSpace/, , Project: ProjectReference(file:/C:/Users/Sabina/Documents/GitHub/DreamSpace/,root), Config: compile)),true,None)
Sending msg to client activator-8328cc6d-2bea-405c-978c-c61d8b586baf: TaskStarted(1,72,Some(AttributeKey[sbt.Compiler$Inputs]("compileInputs") in Scope(Build: file:/C:/Users/Sabina/Documents/GitHub/DreamSpace/, , Project: ProjectReference(file:/C:/Users/Sabina/Documents/GitHub/DreamSpace/,root), Config: compile, Task: AttributeKey[sbt.inc.Analysis]("compile"))))
Sending msg to client activator-8328cc6d-2bea-405c-978c-c61d8b586baf: TaskFinished(1,72,Some(AttributeKey[sbt.Compiler$Inputs]("compileInputs") in Scope(Build: file:/C:/Users/Sabina/Documents/GitHub/DreamSpace/, , Project: ProjectReference(file:/C:/Users/Sabina/Documents/GitHub/DreamSpace/,root), Config: compile, Task: AttributeKey[sbt.inc.Analysis]("compile"))),true,None)
Sending msg to client activator-8328cc6d-2bea-405c-978c-c61d8b586baf: TaskStarted(1,70,Some(AttributeKey[scala.Option[xsbti.Reporter]]("compilerReporter") in Scope(Build: file:/C:/Users/Sabina/Documents/GitHub/DreamSpace/, , Project: ProjectReference(file:/C:/Users/Sabina/Documents/GitHub/DreamSpace/,root), Config: compile, Task: AttributeKey[sbt.inc.Analysis]("compile"))))
Sending msg to client activator-8328cc6d-2bea-405c-978c-c61d8b586baf: TaskFinished(1,70,Some(AttributeKey[scala.Option[xsbti.Reporter]]("compilerReporter") in Scope(Build: file:/C:/Users/Sabina/Documents/GitHub/DreamSpace/, , Project: ProjectReference(file:/C:/Users/Sabina/Documents/GitHub/DreamSpace/,root), Config: compile, Task: AttributeKey[sbt.inc.Analysis]("compile"))),true,None)
Sending msg to client activator-8328cc6d-2bea-405c-978c-c61d8b586baf: TaskStarted(1,67,Some(AttributeKey[sbt.compiler.IC$Result]("compileIncremental") in Scope(Build: file:/C:/Users/Sabina/Documents/GitHub/DreamSpace/, , Project: ProjectReference(file:/C:/Users/Sabina/Documents/GitHub/DreamSpace/,root), Config: compile)))
Sending msg to client activator-8328cc6d-2bea-405c-978c-c61d8b586baf: TaskLogEvent(67,LogMessage(debug,
Initial source changes: 
	removed:Set()
	added: Set()
	modified: Set(C:\Users\Sabina\Documents\GitHub\DreamSpace\target\scala-2.11\twirl\main\views\html\main.template.scala)
Removed products: Set()
External API changes: API Changes: Set()
Modified binary dependencies: Set()
Initial directly invalidated sources: Set(C:\Users\Sabina\Documents\GitHub\DreamSpace\target\scala-2.11\twirl\main\views\html\main.template.scala)

Sources indirectly invalidated by:
	product: Set()
	binary dep: Set()
	external source: Set()))
Sending msg to client activator-8328cc6d-2bea-405c-978c-c61d8b586baf: TaskLogEvent(67,LogMessage(debug,All initially invalidated sources: Set(C:\Users\Sabina\Documents\GitHub\DreamSpace\target\scala-2.11\twirl\main\views\html\main.template.scala)
))
Sending msg to client activator-8328cc6d-2bea-405c-978c-c61d8b586baf: TaskLogEvent(67,LogMessage(info,Read from stdout: Compiling 1 Scala source to C:\Users\Sabina\Documents\GitHub\DreamSpace\target\scala-2.11\classes...))
Sending msg to client activator-8328cc6d-2bea-405c-978c-c61d8b586baf: TaskLogEvent(67,LogMessage(info,Compiling 1 Scala source to C:\Users\Sabina\Documents\GitHub\DreamSpace\target\scala-2.11\classes...))
Sending msg to client activator-8328cc6d-2bea-405c-978c-c61d8b586baf: TaskLogEvent(67,LogMessage(debug,Getting compiler-interface from component compiler for Scala 2.11.1))
Sending msg to client activator-8328cc6d-2bea-405c-978c-c61d8b586baf: TaskLogEvent(67,LogMessage(debug,Other repositories:))
Sending msg to client activator-8328cc6d-2bea-405c-978c-c61d8b586baf: TaskLogEvent(67,LogMessage(debug,Default repositories:))
Sending msg to client activator-8328cc6d-2bea-405c-978c-c61d8b586baf: TaskLogEvent(67,LogMessage(debug,Getting compiler-interface from component compiler for Scala 2.11.1))
Sending msg to client activator-8328cc6d-2bea-405c-978c-c61d8b586baf: TaskLogEvent(67,LogMessage(debug,Other repositories:))
Sending msg to client activator-8328cc6d-2bea-405c-978c-c61d8b586baf: TaskLogEvent(67,LogMessage(debug,Default repositories:))
Sending msg to client activator-8328cc6d-2bea-405c-978c-c61d8b586baf: TaskLogEvent(67,LogMessage(debug,Running cached compiler 21997821, interfacing (CompilerInterface) with Scala compiler version 2.11.1))
Sending msg to client activator-8328cc6d-2bea-405c-978c-c61d8b586baf: TaskLogEvent(67,LogMessage(debug,Calling Scala compiler with arguments  (CompilerInterface):
	-deprecation
	-unchecked
	-encoding
	utf8
	-bootclasspath
	C:\Java\jre1.8.0_45\lib\resources.jar;C:\Java\jre1.8.0_45\lib\rt.jar;C:\Java\jre1.8.0_45\lib\sunrsasign.jar;C:\Java\jre1.8.0_45\lib\jsse.jar;C:\Java\jre1.8.0_45\lib\jce.jar;C:\Java\jre1.8.0_45\lib\charsets.jar;C:\Java\jre1.8.0_45\lib\jfr.jar;C:\Java\jre1.8.0_45\classes;C:\activator\repository\org.scala-lang\scala-library\2.11.1\jars\scala-library.jar
	-classpath
	C:\Users\Sabina\Documents\GitHub\DreamSpace\target\scala-2.11\classes;C:\Users\Sabina\.ivy2\cache\com.typesafe.play\twirl-api_2.11\jars\twirl-api_2.11-1.0.2.jar;C:\Users\Sabina\.ivy2\cache\org.apache.commons\commons-lang3\jars\commons-lang3-3.1.jar;C:\Users\Sabina\.ivy2\cache\org.scala-lang.modules\scala-xml_2.11\bundles\scala-xml_2.11-1.0.1.jar;C:\Users\Sabina\.ivy2\cache\com.typesafe.play\play_2.11\jars\play_2.11-2.3.8.jar;C:\Users\Sabina\.ivy2\cache\com.typesafe.play\build-link\jars\build-link-2.3.8.jar;C:\Users\Sabina\.ivy2\cache\com.typesafe.play\play-exceptions\jars\play-exceptions-2.3.8.jar;C:\Users\Sabina\.ivy2\cache\com.typesafe.play\play-iteratees_2.11\jars\play-iteratees_2.11-2.3.8.jar;C:\Users\Sabina\.ivy2\cache\org.scala-stm\scala-stm_2.11\jars\scala-stm_2.11-0.7.jar;C:\Users\Sabina\.ivy2\cache\com.typesafe\config\bundles\config-1.2.1.jar;C:\Users\Sabina\.ivy2\cache\com.typesafe.play\play-json_2.11\jars\play-json_2.11-2.3.8.jar;C:\Users\Sabina\.ivy2\cache\com.typesafe.play\play-functional_2.11\jars\play-functional_2.11-2.3.8.jar;C:\Users\Sabina\.ivy2\cache\com.typesafe.play\play-datacommons_2.11\jars\play-datacommons_2.11-2.3.8.jar;C:\Users\Sabina\.ivy2\cache\joda-time\joda-time\jars\joda-time-2.3.jar;C:\Users\Sabina\.ivy2\cache\org.joda\joda-convert\jars\joda-convert-1.6.jar;C:\Users\Sabina\.ivy2\cache\com.fasterxml.jackson.core\jackson-annotations\bundles\jackson-annotations-2.3.2.jar;C:\Users\Sabina\.ivy2\cache\com.fasterxml.jackson.core\jackson-core\bundles\jackson-core-2.3.2.jar;C:\Users\Sabina\.ivy2\cache\com.fasterxml.jackson.core\jackson-databind\bundles\jackson-databind-2.3.2.jar;C:\activator\repository\org.scala-lang\scala-reflect\2.11.1\jars\scala-reflect.jar;C:\Users\Sabina\.ivy2\cache\org.scala-lang.modules\scala-parser-combinators_2.11\bundles\scala-parser-combinators_2.11-1.0.1.jar;C:\Users\Sabina\.ivy2\cache\io.netty\netty\bundles\netty-3.9.3.Final.jar;C:\Users\Sabina\.ivy2\cache\com.typesafe.netty\netty-http-pipelining\jars\netty-http-pipelining-1.1.2.jar;C:\Users\Sabina\.ivy2\cache\org.slf4j\slf4j-api\jars\slf4j-api-1.7.6.jar;C:\Users\Sabina\.ivy2\cache\org.slf4j\jul-to-slf4j\jars\jul-to-slf4j-1.7.6.jar;C:\Users\Sabina\.ivy2\cache\org.slf4j\jcl-over-slf4j\jars\jcl-over-slf4j-1.7.6.jar;C:\Users\Sabina\.ivy2\cache\ch.qos.logback\logback-core\jars\logback-core-1.1.1.jar;C:\Users\Sabina\.ivy2\cache\ch.qos.logback\logback-classic\jars\logback-classic-1.1.1.jar;C:\activator\repository\com.typesafe.akka\akka-actor_2.11\2.3.4\jars\akka-actor_2.11.jar;C:\activator\repository\com.typesafe.akka\akka-slf4j_2.11\2.3.4\jars\akka-slf4j_2.11.jar;C:\Users\Sabina\.ivy2\cache\commons-codec\commons-codec\jars\commons-codec-1.9.jar;C:\Users\Sabina\.ivy2\cache\xerces\xercesImpl\jars\xercesImpl-2.11.0.jar;C:\Users\Sabina\.ivy2\cache\xml-apis\xml-apis\jars\xml-apis-1.4.01.jar;C:\Users\Sabina\.ivy2\cache\javax.transaction\jta\jars\jta-1.1.jar;C:\activator\repository\com.typesafe.play\play-java_2.11\2.3.8\jars\play-java_2.11.jar;C:\activator\repository\org.yaml\snakeyaml\1.13\bundles\snakeyaml.jar;C:\activator\repository\org.hibernate\hibernate-validator\5.0.3.Final\jars\hibernate-validator.jar;C:\activator\repository\javax.validation\validation-api\1.1.0.Final\jars\validation-api.jar;C:\activator\repository\com.fasterxml\classmate\1.0.0\bundles\classmate.jar;C:\activator\repository\org.jboss.logging\jboss-logging\3.2.0.Final\jars\jboss-logging.jar;C:\activator\repository\org.springframework\spring-context\4.0.3.RELEASE\jars\spring-context.jar;C:\activator\repository\org.springframework\spring-core\4.0.3.RELEASE\jars\spring-core.jar;C:\activator\repository\org.springframework\spring-beans\4.0.3.RELEASE\jars\spring-beans.jar;C:\activator\repository\org.javassist\javassist\3.19.0-GA\bundles\javassist.jar;C:\activator\repository\org.reflections\reflections\0.9.8\jars\reflections.jar;C:\Users\Sabina\.ivy2\cache\com.google.guava\guava\bundles\guava-16.0.1.jar;C:\activator\repository\dom4j\dom4j\1.6.1\jars\dom4j.jar;C:\activator\repository\com.google.code.findbugs\jsr305\2.0.3\jars\jsr305.jar;C:\activator\repository\org.apache.tomcat\tomcat-servlet-api\8.0.5\jars\tomcat-servlet-api.jar;C:\Users\Sabina\.ivy2\cache\mysql\mysql-connector-java\jars\mysql-connector-java-5.1.27.jar;C:\activator\repository\com.typesafe.play\play-java-jdbc_2.11\2.3.8\jars\play-java-jdbc_2.11.jar;C:\activator\repository\com.typesafe.play\play-jdbc_2.11\2.3.8\jars\play-jdbc_2.11.jar;C:\activator\repository\com.jolbox\bonecp\0.8.0.RELEASE\bundles\bonecp.jar;C:\activator\repository\com.h2database\h2\1.3.175\jars\h2.jar;C:\activator\repository\tyrex\tyrex\1.0.1\jars\tyrex.jar;C:\activator\repository\com.typesafe.play\play-java-ebean_2.11\2.3.8\jars\play-java-ebean_2.11.jar;C:\activator\repository\org.avaje.ebeanorm\avaje-ebeanorm\3.3.4\jars\avaje-ebeanorm.jar;C:\activator\repository\org.avaje.ebeanorm\avaje-ebeanorm-agent\3.2.2\jars\avaje-ebeanorm-agent.jar;C:\activator\repository\org.hibernate.javax.persistence\hibernate-jpa-2.0-api\1.0.1.Final\jars\hibernate-jpa-2.0-api.jar;C:\activator\repository\com.typesafe.play\play-cache_2.11\2.3.8\jars\play-cache_2.11.jar;C:\activator\repository\net.sf.ehcache\ehcache-core\2.6.8\jars\ehcache-core.jar;C:\activator\repository\com.typesafe.play\play-java-ws_2.11\2.3.8\jars\play-java-ws_2.11.jar;C:\Users\Sabina\.ivy2\cache\com.typesafe.play\play-ws_2.11\jars\play-ws_2.11-2.3.8.jar;C:\Users\Sabina\.ivy2\cache\com.ning\async-http-client\jars\async-http-client-1.8.15.jar;C:\Users\Sabina\.ivy2\cache\oauth.signpost\signpost-core\jars\signpost-core-1.2.1.2.jar;C:\Users\Sabina\.ivy2\cache\oauth.signpost\signpost-commonshttp4\jars\signpost-commonshttp4-1.2.1.2.jar;C:\activator\repository\org.apache.httpcomponents\httpcore\4.0.1\jars\httpcore.jar;C:\activator\repository\org.apache.httpcomponents\httpclient\4.0.1\jars\httpclient.jar;C:\Users\Sabina\.ivy2\cache\commons-logging\commons-logging\jars\commons-logging-1.1.1.jar))
Got request: UnlistenToEvents()
Reading next message from client.
Sending msg to client activator-8328cc6d-2bea-405c-978c-c61d8b586baf: (22,ReceivedResponse())
Got request: UnlistenToValue(AttributeKey[scala.collection.Seq[java.lang.String]]("discoveredMainClasses") in Scope(Build: file:/C:/Users/Sabina/Documents/GitHub/DreamSpace/, , Project: ProjectReference(file:/C:/Users/Sabina/Documents/GitHub/DreamSpace/,root), Config: compile))
Reading next message from client.
Sending msg to client activator-8328cc6d-2bea-405c-978c-c61d8b586baf: (23,ReceivedResponse())
Got request: UnlistenToValue(AttributeKey[scala.Option[java.lang.String]]("mainClass") in Scope(Build: file:/C:/Users/Sabina/Documents/GitHub/DreamSpace/, , Project: ProjectReference(file:/C:/Users/Sabina/Documents/GitHub/DreamSpace/,root), Config: compile))
Reading next message from client.
Got request: UnlistenToBuildChange()
Reading next message from client.
Client activator-8328cc6d-2bea-405c-978c-c61d8b586baf EOF, shutting down.
Stopping client.
Client activator-8328cc6d-2bea-405c-978c-c61d8b586baf thread exiting.
Dropping message (24,ReceivedResponse()) to dead client activator-8328cc6d-2bea-405c-978c-c61d8b586baf
Dropping message (25,ReceivedResponse()) to dead client activator-8328cc6d-2bea-405c-978c-c61d8b586baf
Dropping message (0,ReceivedResponse()) to dead client activator-8328cc6d-2bea-405c-978c-c61d8b586baf
