New log file opened at Tue Apr 21 21:23:55 CEST 2015 by 911@Fredriks-MBP
Sending msg to client activator-957c854c-b59e-4bf3-ac42-c704a9c2013d: TaskFinished(48,10153,None,true,None)
Sending msg to client activator-957c854c-b59e-4bf3-ac42-c704a9c2013d: TaskStarted(48,10152,Some(AttributeKey[scala.collection.Seq[java.io.File]]("less") in Scope(Build: file:/Users/Fredrikblomberg/Desktop/DreamSpace/, , Project: ProjectReference(file:/Users/Fredrikblomberg/Desktop/DreamSpace/,root), Config: web-assets)))
Sending msg to client activator-957c854c-b59e-4bf3-ac42-c704a9c2013d: TaskFinished(48,10152,Some(AttributeKey[scala.collection.Seq[java.io.File]]("less") in Scope(Build: file:/Users/Fredrikblomberg/Desktop/DreamSpace/, , Project: ProjectReference(file:/Users/Fredrikblomberg/Desktop/DreamSpace/,root), Config: web-assets)),true,None)
Sending msg to client activator-957c854c-b59e-4bf3-ac42-c704a9c2013d: TaskStarted(48,10151,None)
Sending msg to client activator-957c854c-b59e-4bf3-ac42-c704a9c2013d: TaskFinished(48,10151,None,true,None)
Sending msg to client activator-957c854c-b59e-4bf3-ac42-c704a9c2013d: TaskStarted(48,10150,None)
Sending msg to client activator-957c854c-b59e-4bf3-ac42-c704a9c2013d: TaskFinished(48,10150,None,true,None)
Sending msg to client activator-957c854c-b59e-4bf3-ac42-c704a9c2013d: TaskStarted(48,10149,Some(AttributeKey[scala.collection.Seq[java.io.File]]("managedResources") in Scope(Build: file:/Users/Fredrikblomberg/Desktop/DreamSpace/, , Project: ProjectReference(file:/Users/Fredrikblomberg/Desktop/DreamSpace/,root), Config: web-assets)))
Sending msg to client activator-957c854c-b59e-4bf3-ac42-c704a9c2013d: TaskFinished(48,10149,Some(AttributeKey[scala.collection.Seq[java.io.File]]("managedResources") in Scope(Build: file:/Users/Fredrikblomberg/Desktop/DreamSpace/, , Project: ProjectReference(file:/Users/Fredrikblomberg/Desktop/DreamSpace/,root), Config: web-assets)),true,None)
Sending msg to client activator-957c854c-b59e-4bf3-ac42-c704a9c2013d: TaskStarted(48,10148,Some(AttributeKey[scala.collection.Seq[java.io.File]]("resources") in Scope(Build: file:/Users/Fredrikblomberg/Desktop/DreamSpace/, , Project: ProjectReference(file:/Users/Fredrikblomberg/Desktop/DreamSpace/,root), Config: web-assets)))
Sending msg to client activator-957c854c-b59e-4bf3-ac42-c704a9c2013d: TaskFinished(48,10148,Some(AttributeKey[scala.collection.Seq[java.io.File]]("resources") in Scope(Build: file:/Users/Fredrikblomberg/Desktop/DreamSpace/, , Project: ProjectReference(file:/Users/Fredrikblomberg/Desktop/DreamSpace/,root), Config: web-assets)),true,None)
Sending msg to client activator-957c854c-b59e-4bf3-ac42-c704a9c2013d: TaskStarted(48,10147,Some(AttributeKey[scala.collection.Seq[scala.Tuple2[java.io.File,java.lang.String]]]("mappings") in Scope(Build: file:/Users/Fredrikblomberg/Desktop/DreamSpace/, , Project: ProjectReference(file:/Users/Fredrikblomberg/Desktop/DreamSpace/,root), Config: web-assets)))
Sending msg to client activator-957c854c-b59e-4bf3-ac42-c704a9c2013d: TaskFinished(48,10147,Some(AttributeKey[scala.collection.Seq[scala.Tuple2[java.io.File,java.lang.String]]]("mappings") in Scope(Build: file:/Users/Fredrikblomberg/Desktop/DreamSpace/, , Project: ProjectReference(file:/Users/Fredrikblomberg/Desktop/DreamSpace/,root), Config: web-assets)),true,None)
Sending msg to client activator-957c854c-b59e-4bf3-ac42-c704a9c2013d: TaskStarted(48,10144,Some(AttributeKey[scala.collection.Seq[scala.Tuple2[java.io.File,java.lang.String]]]("mappings") in Scope(Build: file:/Users/Fredrikblomberg/Desktop/DreamSpace/, , Project: ProjectReference(file:/Users/Fredrikblomberg/Desktop/DreamSpace/,root), Config: web-assets)))
Sending msg to client activator-957c854c-b59e-4bf3-ac42-c704a9c2013d: TaskFinished(48,10144,Some(AttributeKey[scala.collection.Seq[scala.Tuple2[java.io.File,java.lang.String]]]("mappings") in Scope(Build: file:/Users/Fredrikblomberg/Desktop/DreamSpace/, , Project: ProjectReference(file:/Users/Fredrikblomberg/Desktop/DreamSpace/,root), Config: web-assets)),true,None)
Sending msg to client activator-957c854c-b59e-4bf3-ac42-c704a9c2013d: TaskStarted(48,10143,Some(AttributeKey[scala.collection.Seq[scala.Tuple2[java.io.File,java.lang.String]]]("mappings") in Scope(Build: file:/Users/Fredrikblomberg/Desktop/DreamSpace/, , Project: ProjectReference(file:/Users/Fredrikblomberg/Desktop/DreamSpace/,root), Config: web-assets)))
Sending msg to client activator-957c854c-b59e-4bf3-ac42-c704a9c2013d: TaskFinished(48,10143,Some(AttributeKey[scala.collection.Seq[scala.Tuple2[java.io.File,java.lang.String]]]("mappings") in Scope(Build: file:/Users/Fredrikblomberg/Desktop/DreamSpace/, , Project: ProjectReference(file:/Users/Fredrikblomberg/Desktop/DreamSpace/,root), Config: web-assets)),true,None)
Sending msg to client activator-957c854c-b59e-4bf3-ac42-c704a9c2013d: TaskStarted(48,10142,Some(AttributeKey[java.io.File]("assets") in Scope(Build: file:/Users/Fredrikblomberg/Desktop/DreamSpace/, , Project: ProjectReference(file:/Users/Fredrikblomberg/Desktop/DreamSpace/,root), Config: web-assets)))
Sending msg to client activator-957c854c-b59e-4bf3-ac42-c704a9c2013d: TaskLogEvent(10121,LogMessage(debug,Getting compiler-interface from component compiler for Scala 2.11.1))
Sending msg to client activator-957c854c-b59e-4bf3-ac42-c704a9c2013d: TaskFinished(48,10142,Some(AttributeKey[java.io.File]("assets") in Scope(Build: file:/Users/Fredrikblomberg/Desktop/DreamSpace/, , Project: ProjectReference(file:/Users/Fredrikblomberg/Desktop/DreamSpace/,root), Config: web-assets)),true,None)
Sending msg to client activator-957c854c-b59e-4bf3-ac42-c704a9c2013d: TaskStarted(48,10141,None)
Sending msg to client activator-957c854c-b59e-4bf3-ac42-c704a9c2013d: TaskFinished(48,10141,None,true,None)
Sending msg to client activator-957c854c-b59e-4bf3-ac42-c704a9c2013d: TaskLogEvent(10121,LogMessage(debug,Other repositories:))
Sending msg to client activator-957c854c-b59e-4bf3-ac42-c704a9c2013d: TaskLogEvent(10121,LogMessage(debug,Default repositories:))
Sending msg to client activator-957c854c-b59e-4bf3-ac42-c704a9c2013d: TaskLogEvent(10121,LogMessage(debug,Running cached compiler 99e023a, interfacing (CompilerInterface) with Scala compiler version 2.11.1))
Sending msg to client activator-957c854c-b59e-4bf3-ac42-c704a9c2013d: TaskLogEvent(10121,LogMessage(debug,Calling Scala compiler with arguments  (CompilerInterface):
	-deprecation
	-unchecked
	-encoding
	utf8
	-bootclasspath
	/Library/Java/JavaVirtualMachines/jdk1.8.0_20.jdk/Contents/Home/jre/lib/resources.jar:/Library/Java/JavaVirtualMachines/jdk1.8.0_20.jdk/Contents/Home/jre/lib/rt.jar:/Library/Java/JavaVirtualMachines/jdk1.8.0_20.jdk/Contents/Home/jre/lib/sunrsasign.jar:/Library/Java/JavaVirtualMachines/jdk1.8.0_20.jdk/Contents/Home/jre/lib/jsse.jar:/Library/Java/JavaVirtualMachines/jdk1.8.0_20.jdk/Contents/Home/jre/lib/jce.jar:/Library/Java/JavaVirtualMachines/jdk1.8.0_20.jdk/Contents/Home/jre/lib/charsets.jar:/Library/Java/JavaVirtualMachines/jdk1.8.0_20.jdk/Contents/Home/jre/lib/jfr.jar:/Library/Java/JavaVirtualMachines/jdk1.8.0_20.jdk/Contents/Home/jre/classes:/Users/Fredrikblomberg/.ivy2/cache/org.scala-lang/scala-library/jars/scala-library-2.11.1.jar
	-classpath
	/Users/Fredrikblomberg/Desktop/DreamSpace/target/scala-2.11/classes:/Users/Fredrikblomberg/.ivy2/cache/com.typesafe.play/twirl-api_2.11/jars/twirl-api_2.11-1.0.2.jar:/Users/Fredrikblomberg/.ivy2/cache/org.apache.commons/commons-lang3/jars/commons-lang3-3.1.jar:/Users/Fredrikblomberg/.ivy2/cache/org.scala-lang.modules/scala-xml_2.11/bundles/scala-xml_2.11-1.0.1.jar:/Users/Fredrikblomberg/.ivy2/cache/com.typesafe.play/play_2.11/jars/play_2.11-2.3.8.jar:/Users/Fredrikblomberg/.ivy2/cache/com.typesafe.play/build-link/jars/build-link-2.3.8.jar:/Users/Fredrikblomberg/.ivy2/cache/com.typesafe.play/play-exceptions/jars/play-exceptions-2.3.8.jar:/Users/Fredrikblomberg/.ivy2/cache/com.typesafe.play/play-iteratees_2.11/jars/play-iteratees_2.11-2.3.8.jar:/Users/Fredrikblomberg/.ivy2/cache/org.scala-stm/scala-stm_2.11/jars/scala-stm_2.11-0.7.jar:/Users/Fredrikblomberg/.ivy2/cache/com.typesafe/config/bundles/config-1.2.1.jar:/Users/Fredrikblomberg/.ivy2/cache/com.typesafe.play/play-json_2.11/jars/play-json_2.11-2.3.8.jar:/Users/Fredrikblomberg/.ivy2/cache/com.typesafe.play/play-functional_2.11/jars/play-functional_2.11-2.3.8.jar:/Users/Fredrikblomberg/.ivy2/cache/com.typesafe.play/play-datacommons_2.11/jars/play-datacommons_2.11-2.3.8.jar:/Users/Fredrikblomberg/.ivy2/cache/joda-time/joda-time/jars/joda-time-2.3.jar:/Users/Fredrikblomberg/.ivy2/cache/org.joda/joda-convert/jars/joda-convert-1.6.jar:/Users/Fredrikblomberg/.ivy2/cache/com.fasterxml.jackson.core/jackson-annotations/bundles/jackson-annotations-2.3.2.jar:/Users/Fredrikblomberg/.ivy2/cache/com.fasterxml.jackson.core/jackson-core/bundles/jackson-core-2.3.2.jar:/Users/Fredrikblomberg/.ivy2/cache/com.fasterxml.jackson.core/jackson-databind/bundles/jackson-databind-2.3.2.jar:/Users/Fredrikblomberg/.ivy2/cache/org.scala-lang/scala-reflect/jars/scala-reflect-2.11.1.jar:/Users/Fredrikblomberg/.ivy2/cache/org.scala-lang.modules/scala-parser-combinators_2.11/bundles/scala-parser-combinators_2.11-1.0.1.jar:/Users/Fredrikblomberg/.ivy2/cache/io.netty/netty/bundles/netty-3.9.3.Final.jar:/Users/Fredrikblomberg/.ivy2/cache/com.typesafe.netty/netty-http-pipelining/jars/netty-http-pipelining-1.1.2.jar:/Users/Fredrikblomberg/.ivy2/cache/org.slf4j/slf4j-api/jars/slf4j-api-1.7.6.jar:/Users/Fredrikblomberg/.ivy2/cache/org.slf4j/jul-to-slf4j/jars/jul-to-slf4j-1.7.6.jar:/Users/Fredrikblomberg/.ivy2/cache/org.slf4j/jcl-over-slf4j/jars/jcl-over-slf4j-1.7.6.jar:/Users/Fredrikblomberg/.ivy2/cache/ch.qos.logback/logback-core/jars/logback-core-1.1.1.jar:/Users/Fredrikblomberg/.ivy2/cache/ch.qos.logback/logback-classic/jars/logback-classic-1.1.1.jar:/Users/Fredrikblomberg/.ivy2/cache/com.typesafe.akka/akka-actor_2.11/jars/akka-actor_2.11-2.3.4.jar:/Users/Fredrikblomberg/.ivy2/cache/com.typesafe.akka/akka-slf4j_2.11/jars/akka-slf4j_2.11-2.3.4.jar:/Users/Fredrikblomberg/.ivy2/cache/commons-codec/commons-codec/jars/commons-codec-1.9.jar:/Users/Fredrikblomberg/.ivy2/cache/xerces/xercesImpl/jars/xercesImpl-2.11.0.jar:/Users/Fredrikblomberg/.ivy2/cache/xml-apis/xml-apis/jars/xml-apis-1.4.01.jar:/Users/Fredrikblomberg/.ivy2/cache/javax.transaction/jta/jars/jta-1.1.jar:/Users/Fredrikblomberg/.ivy2/cache/com.typesafe.play/play-java_2.11/jars/play-java_2.11-2.3.8.jar:/Users/Fredrikblomberg/.ivy2/cache/org.yaml/snakeyaml/bundles/snakeyaml-1.13.jar:/Users/Fredrikblomberg/.ivy2/cache/org.hibernate/hibernate-validator/jars/hibernate-validator-5.0.3.Final.jar:/Users/Fredrikblomberg/.ivy2/cache/javax.validation/validation-api/jars/validation-api-1.1.0.Final.jar:/Users/Fredrikblomberg/.ivy2/cache/com.fasterxml/classmate/bundles/classmate-1.0.0.jar:/Users/Fredrikblomberg/.ivy2/cache/org.jboss.logging/jboss-logging/jars/jboss-logging-3.2.0.Final.jar:/Users/Fredrikblomberg/.ivy2/cache/org.springframework/spring-context/jars/spring-context-4.0.3.RELEASE.jar:/Users/Fredrikblomberg/.ivy2/cache/org.springframework/spring-core/jars/spring-core-4.0.3.RELEASE.jar:/Users/Fredrikblomberg/.ivy2/cache/org.springframework/spring-beans/jars/spring-beans-4.0.3.RELEASE.jar:/Users/Fredrikblomberg/.ivy2/cache/org.javassist/javassist/bundles/javassist-3.19.0-GA.jar:/Users/Fredrikblomberg/.ivy2/cache/org.reflections/reflections/jars/reflections-0.9.8.jar:/Users/Fredrikblomberg/.ivy2/cache/com.google.guava/guava/bundles/guava-16.0.1.jar:/Users/Fredrikblomberg/.ivy2/cache/dom4j/dom4j/jars/dom4j-1.6.1.jar:/Users/Fredrikblomberg/.ivy2/cache/com.google.code.findbugs/jsr305/jars/jsr305-2.0.3.jar:/Users/Fredrikblomberg/.ivy2/cache/org.apache.tomcat/tomcat-servlet-api/jars/tomcat-servlet-api-8.0.5.jar:/Users/Fredrikblomberg/.ivy2/cache/mysql/mysql-connector-java/jars/mysql-connector-java-5.1.27.jar:/Users/Fredrikblomberg/.ivy2/cache/com.typesafe.play/play-java-jdbc_2.11/jars/play-java-jdbc_2.11-2.3.8.jar:/Users/Fredrikblomberg/.ivy2/cache/com.typesafe.play/play-jdbc_2.11/jars/play-jdbc_2.11-2.3.8.jar:/Users/Fredrikblomberg/.ivy2/cache/com.jolbox/bonecp/bundles/bonecp-0.8.0.RELEASE.jar:/Users/Fredrikblomberg/.ivy2/cache/com.h2database/h2/jars/h2-1.3.175.jar:/Users/Fredrikblomberg/.ivy2/cache/tyrex/tyrex/jars/tyrex-1.0.1.jar:/Users/Fredrikblomberg/.ivy2/cache/com.typesafe.play/play-java-ebean_2.11/jars/play-java-ebean_2.11-2.3.8.jar:/Users/Fredrikblomberg/.ivy2/cache/org.avaje.ebeanorm/avaje-ebeanorm/jars/avaje-ebeanorm-3.3.4.jar:/Users/Fredrikblomberg/.ivy2/cache/org.avaje.ebeanorm/avaje-ebeanorm-agent/jars/avaje-ebeanorm-agent-3.2.2.jar:/Users/Fredrikblomberg/.ivy2/cache/org.hibernate.javax.persistence/hibernate-jpa-2.0-api/jars/hibernate-jpa-2.0-api-1.0.1.Final.jar:/Users/Fredrikblomberg/.ivy2/cache/com.typesafe.play/play-cache_2.11/jars/play-cache_2.11-2.3.8.jar:/Users/Fredrikblomberg/.ivy2/cache/net.sf.ehcache/ehcache-core/jars/ehcache-core-2.6.8.jar:/Users/Fredrikblomberg/.ivy2/cache/com.typesafe.play/play-java-ws_2.11/jars/play-java-ws_2.11-2.3.8.jar:/Users/Fredrikblomberg/.ivy2/cache/com.typesafe.play/play-ws_2.11/jars/play-ws_2.11-2.3.8.jar:/Users/Fredrikblomberg/.ivy2/cache/com.ning/async-http-client/jars/async-http-client-1.8.15.jar:/Users/Fredrikblomberg/.ivy2/cache/oauth.signpost/signpost-core/jars/signpost-core-1.2.1.2.jar:/Users/Fredrikblomberg/.ivy2/cache/oauth.signpost/signpost-commonshttp4/jars/signpost-commonshttp4-1.2.1.2.jar:/Users/Fredrikblomberg/.ivy2/cache/org.apache.httpcomponents/httpcore/jars/httpcore-4.0.1.jar:/Users/Fredrikblomberg/.ivy2/cache/org.apache.httpcomponents/httpclient/jars/httpclient-4.0.1.jar:/Users/Fredrikblomberg/.ivy2/cache/commons-logging/commons-logging/jars/commons-logging-1.1.1.jar))
Sending msg to client activator-957c854c-b59e-4bf3-ac42-c704a9c2013d: TaskLogEvent(10121,LogMessage(debug,Scala compilation took 0.940235701 s))
Sending msg to client activator-957c854c-b59e-4bf3-ac42-c704a9c2013d: TaskLogEvent(10121,LogMessage(debug,New invalidations:
	Set()))
Sending msg to client activator-957c854c-b59e-4bf3-ac42-c704a9c2013d: TaskLogEvent(10121,LogMessage(debug,Initial set of included nodes: Set()))
Sending msg to client activator-957c854c-b59e-4bf3-ac42-c704a9c2013d: TaskLogEvent(10121,LogMessage(debug,Previously invalidated, but (transitively) depend on new invalidations:
	Set()))
Sending msg to client activator-957c854c-b59e-4bf3-ac42-c704a9c2013d: TaskLogEvent(10121,LogMessage(debug,All newly invalidated sources after taking into account (previously) recompiled sources:Set()))
Sending msg to client activator-957c854c-b59e-4bf3-ac42-c704a9c2013d: TaskFinished(48,10121,Some(AttributeKey[sbt.compiler.IC$Result]("compileIncremental") in Scope(Build: file:/Users/Fredrikblomberg/Desktop/DreamSpace/, , Project: ProjectReference(file:/Users/Fredrikblomberg/Desktop/DreamSpace/,root), Config: compile)),true,None)
Sending msg to client activator-957c854c-b59e-4bf3-ac42-c704a9c2013d: TaskStarted(48,10120,Some(AttributeKey[sbt.compiler.IC$Result]("manipulateBytecode") in Scope(Build: file:/Users/Fredrikblomberg/Desktop/DreamSpace/, , Project: ProjectReference(file:/Users/Fredrikblomberg/Desktop/DreamSpace/,root), Config: compile)))
Sending msg to client activator-957c854c-b59e-4bf3-ac42-c704a9c2013d: TaskFinished(48,10120,Some(AttributeKey[sbt.compiler.IC$Result]("manipulateBytecode") in Scope(Build: file:/Users/Fredrikblomberg/Desktop/DreamSpace/, , Project: ProjectReference(file:/Users/Fredrikblomberg/Desktop/DreamSpace/,root), Config: compile)),true,None)
Sending msg to client activator-957c854c-b59e-4bf3-ac42-c704a9c2013d: TaskStarted(48,10119,Some(AttributeKey[sbt.inc.Analysis]("compile") in Scope(Build: file:/Users/Fredrikblomberg/Desktop/DreamSpace/, , Project: ProjectReference(file:/Users/Fredrikblomberg/Desktop/DreamSpace/,root), Config: compile)))
Sending msg to client activator-957c854c-b59e-4bf3-ac42-c704a9c2013d: TaskFinished(48,10119,Some(AttributeKey[sbt.inc.Analysis]("compile") in Scope(Build: file:/Users/Fredrikblomberg/Desktop/DreamSpace/, , Project: ProjectReference(file:/Users/Fredrikblomberg/Desktop/DreamSpace/,root), Config: compile)),true,None)
Sending msg to client activator-957c854c-b59e-4bf3-ac42-c704a9c2013d: TaskStarted(48,10067,Some(AttributeKey[sbt.inc.Analysis]("compile") in Scope(Build: file:/Users/Fredrikblomberg/Desktop/DreamSpace/, , Project: ProjectReference(file:/Users/Fredrikblomberg/Desktop/DreamSpace/,root), Config: compile)))
Sending msg to client activator-957c854c-b59e-4bf3-ac42-c704a9c2013d: TaskFinished(48,10067,Some(AttributeKey[sbt.inc.Analysis]("compile") in Scope(Build: file:/Users/Fredrikblomberg/Desktop/DreamSpace/, , Project: ProjectReference(file:/Users/Fredrikblomberg/Desktop/DreamSpace/,root), Config: compile)),true,None)
Sending msg to client activator-957c854c-b59e-4bf3-ac42-c704a9c2013d: TaskStarted(48,10137,Some(AttributeKey[sbt.PluginDiscovery$DiscoveredNames]("discoveredSbtPlugins") in Scope(Build: file:/Users/Fredrikblomberg/Desktop/DreamSpace/, , Project: ProjectReference(file:/Users/Fredrikblomberg/Desktop/DreamSpace/,root), Config: compile)))
Sending msg to client activator-957c854c-b59e-4bf3-ac42-c704a9c2013d: TaskStarted(48,10140,Some(AttributeKey[sbt.inc.Analysis]("playAssetsWithCompilation") in Scope(Build: file:/Users/Fredrikblomberg/Desktop/DreamSpace/, , Project: ProjectReference(file:/Users/Fredrikblomberg/Desktop/DreamSpace/,root))))
Sending msg to client activator-957c854c-b59e-4bf3-ac42-c704a9c2013d: TaskStarted(48,10250,Some(AttributeKey[scala.collection.Seq[java.lang.String]]("discoveredMainClasses") in Scope(Build: file:/Users/Fredrikblomberg/Desktop/DreamSpace/, , Project: ProjectReference(file:/Users/Fredrikblomberg/Desktop/DreamSpace/,root), Config: compile)))
Sending msg to client activator-957c854c-b59e-4bf3-ac42-c704a9c2013d: TaskFinished(48,10137,Some(AttributeKey[sbt.PluginDiscovery$DiscoveredNames]("discoveredSbtPlugins") in Scope(Build: file:/Users/Fredrikblomberg/Desktop/DreamSpace/, , Project: ProjectReference(file:/Users/Fredrikblomberg/Desktop/DreamSpace/,root), Config: compile)),true,None)
Sending msg to client activator-957c854c-b59e-4bf3-ac42-c704a9c2013d: TaskStarted(48,10136,None)
Sending msg to client activator-957c854c-b59e-4bf3-ac42-c704a9c2013d: TaskFinished(48,10140,Some(AttributeKey[sbt.inc.Analysis]("playAssetsWithCompilation") in Scope(Build: file:/Users/Fredrikblomberg/Desktop/DreamSpace/, , Project: ProjectReference(file:/Users/Fredrikblomberg/Desktop/DreamSpace/,root))),true,None)
Sending msg to client activator-957c854c-b59e-4bf3-ac42-c704a9c2013d: TaskStarted(48,10139,None)
Sending msg to client activator-957c854c-b59e-4bf3-ac42-c704a9c2013d: TaskFinished(48,10139,None,true,None)
Sending msg to client activator-957c854c-b59e-4bf3-ac42-c704a9c2013d: TaskFinished(48,10129,Some(AttributeKey[scala.collection.Seq[sbt.inc.Analysis]]("playCompileEverything") in Scope(Build: file:/Users/Fredrikblomberg/Desktop/DreamSpace/, , Project: ProjectReference(file:/Users/Fredrikblomberg/Desktop/DreamSpace/,root))),true,None)
Sending msg to client activator-957c854c-b59e-4bf3-ac42-c704a9c2013d: TaskStarted(48,10128,Some(AttributeKey[sbt.inc.Analysis]("playReload") in Scope(Build: file:/Users/Fredrikblomberg/Desktop/DreamSpace/, , Project: ProjectReference(file:/Users/Fredrikblomberg/Desktop/DreamSpace/,root))))
Sending msg to client activator-957c854c-b59e-4bf3-ac42-c704a9c2013d: TaskFinished(48,10128,Some(AttributeKey[sbt.inc.Analysis]("playReload") in Scope(Build: file:/Users/Fredrikblomberg/Desktop/DreamSpace/, , Project: ProjectReference(file:/Users/Fredrikblomberg/Desktop/DreamSpace/,root))),true,None)
Sending msg to client activator-957c854c-b59e-4bf3-ac42-c704a9c2013d: TaskStarted(48,10127,None)
Sending msg to client activator-957c854c-b59e-4bf3-ac42-c704a9c2013d: TaskFinished(48,10127,None,true,None)
Sending msg to client activator-957c854c-b59e-4bf3-ac42-c704a9c2013d: TaskFinished(48,10136,None,true,None)
Sending msg to client activator-957c854c-b59e-4bf3-ac42-c704a9c2013d: TaskStarted(48,10135,None)
Sending msg to client activator-957c854c-b59e-4bf3-ac42-c704a9c2013d: TaskFinished(48,10135,None,true,None)
Sending msg to client activator-957c854c-b59e-4bf3-ac42-c704a9c2013d: TaskStarted(48,10134,Some(AttributeKey[scala.collection.Seq[java.io.File]]("managedResources") in Scope(Build: file:/Users/Fredrikblomberg/Desktop/DreamSpace/, , Project: ProjectReference(file:/Users/Fredrikblomberg/Desktop/DreamSpace/,root), Config: compile)))
Sending msg to client activator-957c854c-b59e-4bf3-ac42-c704a9c2013d: TaskFinished(48,10250,Some(AttributeKey[scala.collection.Seq[java.lang.String]]("discoveredMainClasses") in Scope(Build: file:/Users/Fredrikblomberg/Desktop/DreamSpace/, , Project: ProjectReference(file:/Users/Fredrikblomberg/Desktop/DreamSpace/,root), Config: compile)),true,None)
Sending msg to client activator-957c854c-b59e-4bf3-ac42-c704a9c2013d: ValueChanged(AttributeKey[scala.collection.Seq[java.lang.String]]("discoveredMainClasses") in Scope(Build: file:/Users/Fredrikblomberg/Desktop/DreamSpace/, , Project: ProjectReference(file:/Users/Fredrikblomberg/Desktop/DreamSpace/,root), Config: compile),TaskSuccess(BuildValue(LazyValue(List(),scala.pickling.PicklerUnpickler$DelegatingPicklerUnpickler@55d2b5cd),List())))
Sending msg to client activator-957c854c-b59e-4bf3-ac42-c704a9c2013d: TaskFinished(48,10134,Some(AttributeKey[scala.collection.Seq[java.io.File]]("managedResources") in Scope(Build: file:/Users/Fredrikblomberg/Desktop/DreamSpace/, , Project: ProjectReference(file:/Users/Fredrikblomberg/Desktop/DreamSpace/,root), Config: compile)),true,None)
Sending msg to client activator-957c854c-b59e-4bf3-ac42-c704a9c2013d: TaskStarted(48,10132,Some(AttributeKey[scala.collection.Seq[java.io.File]]("resources") in Scope(Build: file:/Users/Fredrikblomberg/Desktop/DreamSpace/, , Project: ProjectReference(file:/Users/Fredrikblomberg/Desktop/DreamSpace/,root), Config: compile)))
Sending msg to client activator-957c854c-b59e-4bf3-ac42-c704a9c2013d: TaskFinished(48,10132,Some(AttributeKey[scala.collection.Seq[java.io.File]]("resources") in Scope(Build: file:/Users/Fredrikblomberg/Desktop/DreamSpace/, , Project: ProjectReference(file:/Users/Fredrikblomberg/Desktop/DreamSpace/,root), Config: compile)),true,None)
Sending msg to client activator-957c854c-b59e-4bf3-ac42-c704a9c2013d: TaskStarted(48,10131,Some(AttributeKey[scala.collection.Seq[scala.Tuple2[java.io.File,java.io.File]]]("copyResources") in Scope(Build: file:/Users/Fredrikblomberg/Desktop/DreamSpace/, , Project: ProjectReference(file:/Users/Fredrikblomberg/Desktop/DreamSpace/,root), Config: compile)))
Sending msg to client activator-957c854c-b59e-4bf3-ac42-c704a9c2013d: TaskLogEvent(10131,LogMessage(debug,Copy resource mappings: 
	(/Users/Fredrikblomberg/Desktop/DreamSpace/conf/application.conf,/Users/Fredrikblomberg/Desktop/DreamSpace/target/scala-2.11/classes/application.conf)
	(/Users/Fredrikblomberg/Desktop/DreamSpace/conf/routes,/Users/Fredrikblomberg/Desktop/DreamSpace/target/scala-2.11/classes/routes)))
Sending msg to client activator-957c854c-b59e-4bf3-ac42-c704a9c2013d: TaskFinished(48,10131,Some(AttributeKey[scala.collection.Seq[scala.Tuple2[java.io.File,java.io.File]]]("copyResources") in Scope(Build: file:/Users/Fredrikblomberg/Desktop/DreamSpace/, , Project: ProjectReference(file:/Users/Fredrikblomberg/Desktop/DreamSpace/,root), Config: compile)),true,None)
Sending msg to client activator-957c854c-b59e-4bf3-ac42-c704a9c2013d: TaskStarted(48,10130,Some(AttributeKey[scala.collection.Seq[java.io.File]]("products") in Scope(Build: file:/Users/Fredrikblomberg/Desktop/DreamSpace/, , Project: ProjectReference(file:/Users/Fredrikblomberg/Desktop/DreamSpace/,root), Config: runtime)))
Sending msg to client activator-957c854c-b59e-4bf3-ac42-c704a9c2013d: TaskStarted(48,10219,Some(AttributeKey[scala.collection.Seq[java.io.File]]("products") in Scope(Build: file:/Users/Fredrikblomberg/Desktop/DreamSpace/, , Project: ProjectReference(file:/Users/Fredrikblomberg/Desktop/DreamSpace/,root), Config: compile)))
Sending msg to client activator-957c854c-b59e-4bf3-ac42-c704a9c2013d: TaskFinished(48,10130,Some(AttributeKey[scala.collection.Seq[java.io.File]]("products") in Scope(Build: file:/Users/Fredrikblomberg/Desktop/DreamSpace/, , Project: ProjectReference(file:/Users/Fredrikblomberg/Desktop/DreamSpace/,root), Config: runtime)),true,None)
Sending msg to client activator-957c854c-b59e-4bf3-ac42-c704a9c2013d: TaskFinished(48,10066,None,true,None)
Sending msg to client activator-957c854c-b59e-4bf3-ac42-c704a9c2013d: TaskStarted(48,10065,None)
Sending msg to client activator-957c854c-b59e-4bf3-ac42-c704a9c2013d: TaskFinished(48,10219,Some(AttributeKey[scala.collection.Seq[java.io.File]]("products") in Scope(Build: file:/Users/Fredrikblomberg/Desktop/DreamSpace/, , Project: ProjectReference(file:/Users/Fredrikblomberg/Desktop/DreamSpace/,root), Config: compile)),true,None)
Sending msg to client activator-957c854c-b59e-4bf3-ac42-c704a9c2013d: TaskFinished(48,10217,None,true,None)
Sending msg to client activator-957c854c-b59e-4bf3-ac42-c704a9c2013d: TaskStarted(48,10216,None)
Sending msg to client activator-957c854c-b59e-4bf3-ac42-c704a9c2013d: TaskFinished(48,10065,None,true,None)
Sending msg to client activator-957c854c-b59e-4bf3-ac42-c704a9c2013d: TaskStarted(48,10063,Some(AttributeKey[scala.collection.Seq[sbt.Attributed[java.io.File]]]("exportedProducts") in Scope(Build: file:/Users/Fredrikblomberg/Desktop/DreamSpace/, , Project: ProjectReference(file:/Users/Fredrikblomberg/Desktop/DreamSpace/,root), Config: runtime)))
Sending msg to client activator-957c854c-b59e-4bf3-ac42-c704a9c2013d: TaskFinished(48,10216,None,true,None)
Sending msg to client activator-957c854c-b59e-4bf3-ac42-c704a9c2013d: TaskStarted(48,10215,Some(AttributeKey[scala.collection.Seq[sbt.Attributed[java.io.File]]]("exportedProducts") in Scope(Build: file:/Users/Fredrikblomberg/Desktop/DreamSpace/, , Project: ProjectReference(file:/Users/Fredrikblomberg/Desktop/DreamSpace/,root), Config: compile)))
Sending msg to client activator-957c854c-b59e-4bf3-ac42-c704a9c2013d: TaskFinished(48,10063,Some(AttributeKey[scala.collection.Seq[sbt.Attributed[java.io.File]]]("exportedProducts") in Scope(Build: file:/Users/Fredrikblomberg/Desktop/DreamSpace/, , Project: ProjectReference(file:/Users/Fredrikblomberg/Desktop/DreamSpace/,root), Config: runtime)),true,None)
Sending msg to client activator-957c854c-b59e-4bf3-ac42-c704a9c2013d: TaskFinished(48,10215,Some(AttributeKey[scala.collection.Seq[sbt.Attributed[java.io.File]]]("exportedProducts") in Scope(Build: file:/Users/Fredrikblomberg/Desktop/DreamSpace/, , Project: ProjectReference(file:/Users/Fredrikblomberg/Desktop/DreamSpace/,root), Config: compile)),true,None)
Sending msg to client activator-957c854c-b59e-4bf3-ac42-c704a9c2013d: TaskStarted(48,10213,None)
Sending msg to client activator-957c854c-b59e-4bf3-ac42-c704a9c2013d: TaskFinished(48,10213,None,true,None)
Sending msg to client activator-957c854c-b59e-4bf3-ac42-c704a9c2013d: TaskStarted(48,10212,None)
Sending msg to client activator-957c854c-b59e-4bf3-ac42-c704a9c2013d: TaskFinished(48,10212,None,true,None)
Sending msg to client activator-957c854c-b59e-4bf3-ac42-c704a9c2013d: TaskFinished(48,10021,None,true,None)
Sending msg to client activator-957c854c-b59e-4bf3-ac42-c704a9c2013d: TaskStarted(48,10020,Some(AttributeKey[scala.collection.Seq[sbt.Attributed[java.io.File]]]("internalDependencyClasspath") in Scope(Build: file:/Users/Fredrikblomberg/Desktop/DreamSpace/, , Project: ProjectReference(file:/Users/Fredrikblomberg/Desktop/DreamSpace/,root), Config: runtime)))
Sending msg to client activator-957c854c-b59e-4bf3-ac42-c704a9c2013d: TaskFinished(48,10020,Some(AttributeKey[scala.collection.Seq[sbt.Attributed[java.io.File]]]("internalDependencyClasspath") in Scope(Build: file:/Users/Fredrikblomberg/Desktop/DreamSpace/, , Project: ProjectReference(file:/Users/Fredrikblomberg/Desktop/DreamSpace/,root), Config: runtime)),true,None)
Sending msg to client activator-957c854c-b59e-4bf3-ac42-c704a9c2013d: TaskStarted(48,10019,Some(AttributeKey[scala.collection.Seq[sbt.Attributed[java.io.File]]]("playReloaderClasspath") in Scope(Build: file:/Users/Fredrikblomberg/Desktop/DreamSpace/, , Project: ProjectReference(file:/Users/Fredrikblomberg/Desktop/DreamSpace/,root))))
Sending msg to client activator-957c854c-b59e-4bf3-ac42-c704a9c2013d: TaskFinished(48,10019,Some(AttributeKey[scala.collection.Seq[sbt.Attributed[java.io.File]]]("playReloaderClasspath") in Scope(Build: file:/Users/Fredrikblomberg/Desktop/DreamSpace/, , Project: ProjectReference(file:/Users/Fredrikblomberg/Desktop/DreamSpace/,root))),true,None)
Sending msg to client activator-957c854c-b59e-4bf3-ac42-c704a9c2013d: TaskStarted(48,10018,Some(AttributeKey[scala.collection.Seq[sbt.Attributed[java.io.File]]]("playReloaderClasspath") in Scope(Build: file:/Users/Fredrikblomberg/Desktop/DreamSpace/, , Project: ProjectReference(file:/Users/Fredrikblomberg/Desktop/DreamSpace/,root))))
Sending msg to client activator-957c854c-b59e-4bf3-ac42-c704a9c2013d: TaskFinished(48,10018,Some(AttributeKey[scala.collection.Seq[sbt.Attributed[java.io.File]]]("playReloaderClasspath") in Scope(Build: file:/Users/Fredrikblomberg/Desktop/DreamSpace/, , Project: ProjectReference(file:/Users/Fredrikblomberg/Desktop/DreamSpace/,root))),true,None)
Sending msg to client activator-957c854c-b59e-4bf3-ac42-c704a9c2013d: TaskStarted(48,10017,None)
Sending msg to client activator-957c854c-b59e-4bf3-ac42-c704a9c2013d: TaskFinished(48,10017,None,true,None)
Sending msg to client activator-957c854c-b59e-4bf3-ac42-c704a9c2013d: TaskStarted(48,10015,Some(AttributeKey[play.runsupport.Reloader$CompileResult]("playForkReload") in Scope(Build: file:/Users/Fredrikblomberg/Desktop/DreamSpace/, , Project: ProjectReference(file:/Users/Fredrikblomberg/Desktop/DreamSpace/,root))))
Sending msg to client activator-957c854c-b59e-4bf3-ac42-c704a9c2013d: TaskFinished(48,10015,Some(AttributeKey[play.runsupport.Reloader$CompileResult]("playForkReload") in Scope(Build: file:/Users/Fredrikblomberg/Desktop/DreamSpace/, , Project: ProjectReference(file:/Users/Fredrikblomberg/Desktop/DreamSpace/,root))),true,None)
Sending msg to client activator-957c854c-b59e-4bf3-ac42-c704a9c2013d: TaskStarted(48,10014,None)
Sending msg to client activator-957c854c-b59e-4bf3-ac42-c704a9c2013d: TaskFinished(48,10014,None,true,None)
Sending msg to client activator-957c854c-b59e-4bf3-ac42-c704a9c2013d: TaskStarted(48,10013,None)
Sending msg to client activator-957c854c-b59e-4bf3-ac42-c704a9c2013d: TaskFinished(48,10013,None,true,None)
Sending msg to client activator-957c854c-b59e-4bf3-ac42-c704a9c2013d: DetachedLogEvent(LogMessage(debug,cancel strategy finish enabled=false lastCommand=Some(LastCommand(CommandExecutionWork(ExecutionId(48),{file:/Users/Fredrikblomberg/Desktop/DreamSpace/}root/*:playForkReload,Set(LiveClient(play-fork-run 205ca582-e14f-4523-ab57-2dc50c701fcb)),sbt.server.WorkCancellationStatus$$anon$1@4a0bd382)))))
Sending msg to client activator-957c854c-b59e-4bf3-ac42-c704a9c2013d: DetachedLogEvent(LogSuccess(Total time: 1 s, completed 2015-apr-21 21:23:56))
Sending msg to client activator-957c854c-b59e-4bf3-ac42-c704a9c2013d: DetachedLogEvent(LogMessage(debug,> server-post-command-cleanup))
Sending msg to client activator-957c854c-b59e-4bf3-ac42-c704a9c2013d: ExecutionSuccess(48)
Sending msg to client activator-957c854c-b59e-4bf3-ac42-c704a9c2013d: DetachedLogEvent(LogMessage(debug,> server-handle-next-server-request))
Sending msg to client activator-957c854c-b59e-4bf3-ac42-c704a9c2013d: BackgroundJobLogEvent(1,LogMessage(info,))
Sending msg to client activator-957c854c-b59e-4bf3-ac42-c704a9c2013d: BackgroundJobLogEvent(1,LogMessage(info,[35m--- (RELOAD) ---[0m))
Sending msg to client activator-957c854c-b59e-4bf3-ac42-c704a9c2013d: BackgroundJobLogEvent(1,LogMessage(info,))
Sending msg to client activator-957c854c-b59e-4bf3-ac42-c704a9c2013d: BackgroundJobLogEvent(1,LogMessage(info,play - database [default] connected at jdbc:mysql://mysql.dsv.su.se/kewi3439?useUnicode=yes&characterEncoding=UTF-8&connectionCollation=utf8_general_ci))
Sending msg to client activator-957c854c-b59e-4bf3-ac42-c704a9c2013d: BackgroundJobLogEvent(1,LogMessage(info,play - Application started (Dev)))
